#
# There is insufficient memory for the Java Runtime Environment to continue.
# Native memory allocation (malloc) failed to allocate 32744 bytes for ChunkPool::allocate
# Possible reasons:
#   The system is out of physical RAM or swap space
#   The process is running with CompressedOops enabled, and the Java Heap may be blocking the growth of the native heap
# Possible solutions:
#   Reduce memory load on the system
#   Increase physical memory or swap space
#   Check if swap backing store is full
#   Decrease Java heap size (-Xmx/-Xms)
#   Decrease number of Java threads
#   Decrease Java thread stack sizes (-Xss)
#   Set larger code cache with -XX:ReservedCodeCacheSize=
#   JVM is running with Unscaled Compressed Oops mode in which the Java heap is
#     placed in the first 4GB address space. The Java Heap base address is the
#     maximum limit for the native heap growth. Please use -XX:HeapBaseMinAddress
#     to set the Java Heap base and to place the Java Heap above 4GB virtual address.
# This output file may be truncated or incomplete.
#
#  Out of Memory Error (arena.cpp:78), pid=17056, tid=15800
#
# JRE version: OpenJDK Runtime Environment (17.0.6) (build 17.0.6+0-b2043.56-10027231)
# Java VM: OpenJDK 64-Bit Server VM (17.0.6+0-b2043.56-10027231, mixed mode, tiered, compressed oops, compressed class ptrs, g1 gc, windows-amd64)
# No core dump will be written. Minidumps are not enabled by default on client versions of Windows
#

---------------  S U M M A R Y ------------

Command Line: --add-opens=java.base/java.util=ALL-UNNAMED --add-opens=java.base/java.lang=ALL-UNNAMED --add-opens=java.base/java.lang.invoke=ALL-UNNAMED --add-opens=java.prefs/java.util.prefs=ALL-UNNAMED --add-opens=java.base/java.nio.charset=ALL-UNNAMED --add-opens=java.base/java.net=ALL-UNNAMED --add-opens=java.base/java.util.concurrent.atomic=ALL-UNNAMED -Xmx2048m -Dfile.encoding=UTF-8 -Duser.country=US -Duser.language=en -Duser.variant org.gradle.launcher.daemon.bootstrap.GradleDaemon 8.0

Host: Intel(R) Core(TM) i7-8750H CPU @ 2.20GHz, 12 cores, 7G,  Windows 11 , 64 bit Build 22000 (10.0.22000.2538)
Time: Sat Nov 11 12:24:00 2023 SE Asia Standard Time elapsed time: 141.897813 seconds (0d 0h 2m 21s)

---------------  T H R E A D  ---------------

Current thread (0x0000023bd5863d50):  JavaThread "C2 CompilerThread0" daemon [_thread_in_native, id=15800, stack(0x00000065e7b00000,0x00000065e7c00000)]


Current CompileTask:
C2: 141897 14932       4       org.gradle.internal.service.DefaultServiceRegistry$SingletonService::get (5 bytes)

Stack: [0x00000065e7b00000,0x00000065e7c00000]
Native frames: (J=compiled Java code, j=interpreted, Vv=VM code, C=native code)
V  [jvm.dll+0x683c9a]
V  [jvm.dll+0x8427a4]
V  [jvm.dll+0x843f9e]
V  [jvm.dll+0x844603]
V  [jvm.dll+0x249b75]
V  [jvm.dll+0xabecc]
V  [jvm.dll+0xac27c]
V  [jvm.dll+0xabdbb]
V  [jvm.dll+0x82bedc]
V  [jvm.dll+0x58f45d]
V  [jvm.dll+0x58b693]
V  [jvm.dll+0x58b444]
V  [jvm.dll+0x58a688]
V  [jvm.dll+0x2243b2]
V  [jvm.dll+0x21dbe9]
V  [jvm.dll+0x21b51b]
V  [jvm.dll+0x1a4fdd]
V  [jvm.dll+0x22b098]
V  [jvm.dll+0x229159]
V  [jvm.dll+0x7f81ec]
V  [jvm.dll+0x7f274a]
V  [jvm.dll+0x682ad5]
C  [ucrtbase.dll+0x26c0c]
C  [KERNEL32.DLL+0x153e0]
C  [ntdll.dll+0x485b]


---------------  P R O C E S S  ---------------

Threads class SMR info:
_java_thread_list=0x0000023bdaa79f50, length=58, elements={
0x0000023bb8aca7e0, 0x0000023bd5833260, 0x0000023bd58340d0, 0x0000023bd4d4ffe0,
0x0000023bd4d519a0, 0x0000023bd4d52350, 0x0000023bd4d52d00, 0x0000023bd5863d50,
0x0000023bd586c660, 0x0000023bd586d830, 0x0000023bd59df790, 0x0000023bd59ef340,
0x0000023bd83f2a60, 0x0000023bd627ba40, 0x0000023bd7098170, 0x0000023bd6f83930,
0x0000023bd6f83460, 0x0000023bd6f81780, 0x0000023bd6f82f90, 0x0000023bd6f81c50,
0x0000023bd6f80de0, 0x0000023bd966ed40, 0x0000023bd966cb90, 0x0000023bd9673570,
0x0000023bd966f6e0, 0x0000023bd9672bd0, 0x0000023bd966ded0, 0x0000023bd966e870,
0x0000023bdb395080, 0x0000023bdb3998b0, 0x0000023bdb395550, 0x0000023bdb397bd0,
0x0000023bdb397700, 0x0000023bdb399d80, 0x0000023bdb39a720, 0x0000023bdb39bf30,
0x0000023bdb44c650, 0x0000023bdb5b7c60, 0x0000023bdb053f30, 0x0000023bdd729490,
0x0000023bdb053a60, 0x0000023bd62f91a0, 0x0000023be2297030, 0x0000023bde2cb240,
0x0000023be2297500, 0x0000023be2297ea0, 0x0000023be22979d0, 0x0000023bda84b900,
0x0000023be2298370, 0x0000023be2296b60, 0x0000023bde229eb0, 0x0000023bdb395a20,
0x0000023bdb39ba60, 0x0000023bdb39abf0, 0x0000023bdb3980a0, 0x0000023bd6088880,
0x0000023bd6087a10, 0x0000023bd6087070
}

Java Threads: ( => current thread )
  0x0000023bb8aca7e0 JavaThread "main" [_thread_blocked, id=5696, stack(0x00000065e6e00000,0x00000065e6f00000)]
  0x0000023bd5833260 JavaThread "Reference Handler" daemon [_thread_blocked, id=13920, stack(0x00000065e7500000,0x00000065e7600000)]
  0x0000023bd58340d0 JavaThread "Finalizer" daemon [_thread_blocked, id=15064, stack(0x00000065e7600000,0x00000065e7700000)]
  0x0000023bd4d4ffe0 JavaThread "Signal Dispatcher" daemon [_thread_blocked, id=8688, stack(0x00000065e7700000,0x00000065e7800000)]
  0x0000023bd4d519a0 JavaThread "Attach Listener" daemon [_thread_blocked, id=7652, stack(0x00000065e7800000,0x00000065e7900000)]
  0x0000023bd4d52350 JavaThread "Service Thread" daemon [_thread_blocked, id=18392, stack(0x00000065e7900000,0x00000065e7a00000)]
  0x0000023bd4d52d00 JavaThread "Monitor Deflation Thread" daemon [_thread_blocked, id=17068, stack(0x00000065e7a00000,0x00000065e7b00000)]
=>0x0000023bd5863d50 JavaThread "C2 CompilerThread0" daemon [_thread_in_native, id=15800, stack(0x00000065e7b00000,0x00000065e7c00000)]
  0x0000023bd586c660 JavaThread "C1 CompilerThread0" daemon [_thread_blocked, id=17716, stack(0x00000065e7c00000,0x00000065e7d00000)]
  0x0000023bd586d830 JavaThread "Sweeper thread" daemon [_thread_blocked, id=17992, stack(0x00000065e7d00000,0x00000065e7e00000)]
  0x0000023bd59df790 JavaThread "Common-Cleaner" daemon [_thread_blocked, id=12980, stack(0x00000065e7e00000,0x00000065e7f00000)]
  0x0000023bd59ef340 JavaThread "Notification Thread" daemon [_thread_blocked, id=7720, stack(0x00000065e7f00000,0x00000065e8000000)]
  0x0000023bd83f2a60 JavaThread "Daemon health stats" [_thread_blocked, id=1392, stack(0x00000065e8700000,0x00000065e8800000)]
  0x0000023bd627ba40 JavaThread "Incoming local TCP Connector on port 8982" [_thread_in_native, id=3160, stack(0x00000065e8200000,0x00000065e8300000)]
  0x0000023bd7098170 JavaThread "Daemon periodic checks" [_thread_blocked, id=372, stack(0x00000065e8800000,0x00000065e8900000)]
  0x0000023bd6f83930 JavaThread "Cache worker for journal cache (C:\Users\PC\.gradle\caches\journal-1)" [_thread_blocked, id=9152, stack(0x00000065e9700000,0x00000065e9800000)]
  0x0000023bd6f83460 JavaThread "File lock request listener" [_thread_in_native, id=9876, stack(0x00000065e9800000,0x00000065e9900000)]
  0x0000023bd6f81780 JavaThread "Cache worker for file hash cache (C:\Users\PC\.gradle\caches\8.0\fileHashes)" [_thread_blocked, id=15972, stack(0x00000065e9900000,0x00000065e9a00000)]
  0x0000023bd6f82f90 JavaThread "File watcher server" daemon [_thread_in_native, id=8556, stack(0x00000065e9b00000,0x00000065e9c00000)]
  0x0000023bd6f81c50 JavaThread "File watcher consumer" daemon [_thread_blocked, id=10272, stack(0x00000065e9c00000,0x00000065e9d00000)]
  0x0000023bd6f80de0 JavaThread "Cache worker for file content cache (C:\Users\PC\.gradle\caches\8.0\fileContent)" [_thread_blocked, id=16744, stack(0x00000065e9f00000,0x00000065ea000000)]
  0x0000023bd966ed40 JavaThread "Cache worker for execution history cache (C:\Users\PC\.gradle\caches\8.0\executionHistory)" [_thread_blocked, id=9248, stack(0x00000065ea200000,0x00000065ea300000)]
  0x0000023bd966cb90 JavaThread "jar transforms" [_thread_blocked, id=2180, stack(0x00000065ea300000,0x00000065ea400000)]
  0x0000023bd9673570 JavaThread "jar transforms Thread 2" [_thread_blocked, id=5832, stack(0x00000065ea400000,0x00000065ea500000)]
  0x0000023bd966f6e0 JavaThread "Cache worker for kotlin-dsl (C:\Users\PC\.gradle\caches\8.0\kotlin-dsl)" [_thread_blocked, id=8788, stack(0x00000065ea600000,0x00000065ea700000)]
  0x0000023bd9672bd0 JavaThread "jar transforms Thread 3" [_thread_blocked, id=3208, stack(0x00000065ea700000,0x00000065ea800000)]
  0x0000023bd966ded0 JavaThread "jar transforms Thread 4" [_thread_blocked, id=1100, stack(0x00000065ea800000,0x00000065ea900000)]
  0x0000023bd966e870 JavaThread "jar transforms Thread 5" [_thread_blocked, id=2912, stack(0x00000065eab00000,0x00000065eac00000)]
  0x0000023bdb395080 JavaThread "jar transforms Thread 6" [_thread_blocked, id=3836, stack(0x00000065f2400000,0x00000065f2500000)]
  0x0000023bdb3998b0 JavaThread "jar transforms Thread 7" [_thread_blocked, id=716, stack(0x00000065f2500000,0x00000065f2600000)]
  0x0000023bdb395550 JavaThread "jar transforms Thread 8" [_thread_blocked, id=16164, stack(0x00000065f2600000,0x00000065f2700000)]
  0x0000023bdb397bd0 JavaThread "jar transforms Thread 9" [_thread_blocked, id=12388, stack(0x00000065f2700000,0x00000065f2800000)]
  0x0000023bdb397700 JavaThread "jar transforms Thread 10" [_thread_blocked, id=3556, stack(0x00000065f2800000,0x00000065f2900000)]
  0x0000023bdb399d80 JavaThread "jar transforms Thread 11" [_thread_blocked, id=14632, stack(0x00000065f2900000,0x00000065f2a00000)]
  0x0000023bdb39a720 JavaThread "jar transforms Thread 12" [_thread_blocked, id=14756, stack(0x00000065f2a00000,0x00000065f2b00000)]
  0x0000023bdb39bf30 JavaThread "Memory manager" [_thread_blocked, id=13292, stack(0x00000065f2b00000,0x00000065f2c00000)]
  0x0000023bdb44c650 JavaThread "pool-3-thread-1" [_thread_blocked, id=1980, stack(0x00000065f2d00000,0x00000065f2e00000)]
  0x0000023bdb5b7c60 JavaThread "Cache worker for Java compile cache (C:\Users\PC\.gradle\caches\8.0\javaCompile)" [_thread_blocked, id=15136, stack(0x00000065f2c00000,0x00000065f2d00000)]
  0x0000023bdb053f30 JavaThread "ForkJoinPool.commonPool-worker-1" daemon [_thread_blocked, id=10732, stack(0x00000065f5600000,0x00000065f5700000)]
  0x0000023bdd729490 JavaThread "ForkJoinPool.commonPool-worker-4" daemon [_thread_blocked, id=14616, stack(0x00000065f5900000,0x00000065f5a00000)]
  0x0000023bdb053a60 JavaThread "ForkJoinPool.commonPool-worker-5" daemon [_thread_blocked, id=14560, stack(0x00000065f5a00000,0x00000065f5b00000)]
  0x0000023bd62f91a0 JavaThread "ForkJoinPool.commonPool-worker-6" daemon [_thread_blocked, id=17756, stack(0x00000065f5b00000,0x00000065f5c00000)]
  0x0000023be2297030 JavaThread "ForkJoinPool.commonPool-worker-7" daemon [_thread_blocked, id=7684, stack(0x00000065f5c00000,0x00000065f5d00000)]
  0x0000023bde2cb240 JavaThread "ForkJoinPool.commonPool-worker-8" daemon [_thread_blocked, id=16704, stack(0x00000065f5d00000,0x00000065f5e00000)]
  0x0000023be2297500 JavaThread "ForkJoinPool.commonPool-worker-9" daemon [_thread_blocked, id=16020, stack(0x00000065f5e00000,0x00000065f5f00000)]
  0x0000023be2297ea0 JavaThread "ForkJoinPool.commonPool-worker-10" daemon [_thread_blocked, id=15636, stack(0x00000065f5f00000,0x00000065f6000000)]
  0x0000023be22979d0 JavaThread "pool-7-thread-1" [_thread_blocked, id=7856, stack(0x00000065f2300000,0x00000065f2400000)]
  0x0000023bda84b900 JavaThread "Daemon Thread 2" [_thread_blocked, id=9676, stack(0x00000065e6b00000,0x00000065e6c00000)]
  0x0000023be2298370 JavaThread "Handler for socket connection from /127.0.0.1:8982 to /127.0.0.1:9053" [_thread_in_native, id=16456, stack(0x00000065e6c00000,0x00000065e6d00000)]
  0x0000023be2296b60 JavaThread "Cancel handler" [_thread_blocked, id=9516, stack(0x00000065e6d00000,0x00000065e6e00000)]
  0x0000023bde229eb0 JavaThread "Daemon worker Thread 2" [_thread_in_Java, id=1188, stack(0x00000065e8900000,0x00000065e8a00000)]
  0x0000023bdb395a20 JavaThread "Asynchronous log dispatcher for DefaultDaemonConnection: socket connection from /127.0.0.1:8982 to /127.0.0.1:9053" [_thread_blocked, id=12468, stack(0x00000065e8b00000,0x00000065e8c00000)]
  0x0000023bdb39ba60 JavaThread "Stdin handler" [_thread_blocked, id=18368, stack(0x00000065e8c00000,0x00000065e8d00000)]
  0x0000023bdb39abf0 JavaThread "Daemon client event forwarder" [_thread_blocked, id=18308, stack(0x00000065e8d00000,0x00000065e8e00000)]
  0x0000023bdb3980a0 JavaThread "Cache worker for checksums cache (D:\FPTPolytechnic\Android_Netwworking\Lab22\.gradle\8.0\checksums)" [_thread_blocked, id=6128, stack(0x00000065e8e00000,0x00000065e8f00000)]
  0x0000023bd6088880 JavaThread "Cache worker for cache directory md-rule (C:\Users\PC\.gradle\caches\8.0\md-rule)" [_thread_blocked, id=11392, stack(0x00000065e8f00000,0x00000065e9000000)]
  0x0000023bd6087a10 JavaThread "Cache worker for file hash cache (D:\FPTPolytechnic\Android_Netwworking\Lab22\.gradle\8.0\fileHashes)" [_thread_blocked, id=10084, stack(0x00000065e9a00000,0x00000065e9b00000)]
  0x0000023bd6087070 JavaThread "Cache worker for cache directory md-supplier (C:\Users\PC\.gradle\caches\8.0\md-supplier)" [_thread_blocked, id=11136, stack(0x00000065e9d00000,0x00000065e9e00000)]

Other Threads:
  0x0000023bd58202d0 VMThread "VM Thread" [stack: 0x00000065e7400000,0x00000065e7500000] [id=17212]
  0x0000023bd592e600 WatcherThread [stack: 0x00000065e8000000,0x00000065e8100000] [id=15088]
  0x0000023bb8b28ef0 GCTaskThread "GC Thread#0" [stack: 0x00000065e6f00000,0x00000065e7000000] [id=7204]
  0x0000023bd6438bf0 GCTaskThread "GC Thread#1" [stack: 0x00000065e8300000,0x00000065e8400000] [id=11168]
  0x0000023bd6a9b230 GCTaskThread "GC Thread#2" [stack: 0x00000065e8400000,0x00000065e8500000] [id=13364]
  0x0000023bd6b2afe0 GCTaskThread "GC Thread#3" [stack: 0x00000065e8500000,0x00000065e8600000] [id=14408]
  0x0000023bd70ec190 GCTaskThread "GC Thread#4" [stack: 0x00000065e8600000,0x00000065e8700000] [id=8716]
  0x0000023bd8978d20 GCTaskThread "GC Thread#5" [stack: 0x00000065e9000000,0x00000065e9100000] [id=11096]
  0x0000023bd8978fd0 GCTaskThread "GC Thread#6" [stack: 0x00000065e9100000,0x00000065e9200000] [id=5996]
  0x0000023bd7e43550 GCTaskThread "GC Thread#7" [stack: 0x00000065e9200000,0x00000065e9300000] [id=9300]
  0x0000023bd7e43800 GCTaskThread "GC Thread#8" [stack: 0x00000065e9300000,0x00000065e9400000] [id=17180]
  0x0000023bd88fb940 GCTaskThread "GC Thread#9" [stack: 0x00000065e9400000,0x00000065e9500000] [id=16964]
  0x0000023bb8b39e30 ConcurrentGCThread "G1 Main Marker" [stack: 0x00000065e7000000,0x00000065e7100000] [id=7164]
  0x0000023bb8b3afe0 ConcurrentGCThread "G1 Conc#0" [stack: 0x00000065e7100000,0x00000065e7200000] [id=1628]
  0x0000023bd6c97c60 ConcurrentGCThread "G1 Conc#1" [stack: 0x00000065e9500000,0x00000065e9600000] [id=13728]
  0x0000023bd7fdfa40 ConcurrentGCThread "G1 Conc#2" [stack: 0x00000065e9600000,0x00000065e9700000] [id=14936]
  0x0000023bd4bb0110 ConcurrentGCThread "G1 Refine#0" [stack: 0x00000065e7200000,0x00000065e7300000] [id=14636]
  0x0000023bd6e904a0 ConcurrentGCThread "G1 Refine#1" [stack: 0x00000065ea500000,0x00000065ea600000] [id=10944]
  0x0000023bdefa5f40 ConcurrentGCThread "G1 Refine#2" [stack: 0x00000065f3c00000,0x00000065f3d00000] [id=12556]
  0x0000023bd4bb0a40 ConcurrentGCThread "G1 Service" [stack: 0x00000065e7300000,0x00000065e7400000] [id=8060]

Threads with active compile tasks:
C2 CompilerThread0   141976 14932       4       org.gradle.internal.service.DefaultServiceRegistry$SingletonService::get (5 bytes)

VM state: not at safepoint (normal execution)

VM Mutex/Monitor currently owned by a thread: None

Heap address: 0x0000000080000000, size: 2048 MB, Compressed Oops mode: 32-bit

CDS archive(s) not mapped
Compressed class space mapped at: 0x0000000100000000-0x0000000140000000, reserved size: 1073741824
Narrow klass base: 0x0000000000000000, Narrow klass shift: 3, Narrow klass range: 0x140000000

GC Precious Log:
 CPUs: 12 total, 12 available
 Memory: 8009M
 Large Page Support: Disabled
 NUMA Support: Disabled
 Compressed Oops: Enabled (32-bit)
 Heap Region Size: 1M
 Heap Min Capacity: 8M
 Heap Initial Capacity: 126M
 Heap Max Capacity: 2G
 Pre-touch: Disabled
 Parallel Workers: 10
 Concurrent Workers: 3
 Concurrent Refinement Workers: 10
 Periodic GC: Disabled

Heap:
 garbage-first heap   total 233472K, used 158413K [0x0000000080000000, 0x0000000100000000)
  region size 1024K, 46 young (47104K), 6 survivors (6144K)
 Metaspace       used 125788K, committed 126656K, reserved 1163264K
  class space    used 17075K, committed 17472K, reserved 1048576K

Heap Regions: E=young(eden), S=young(survivor), O=old, HS=humongous(starts), HC=humongous(continues), CS=collection set, F=free, OA=open archive, CA=closed archive, TAMS=top-at-mark-start (previous, next)
|   0|0x0000000080000000, 0x0000000080100000, 0x0000000080100000|100%|HS|  |TAMS 0x0000000080100000, 0x0000000080000000| Complete 
|   1|0x0000000080100000, 0x0000000080200000, 0x0000000080200000|100%|HC|  |TAMS 0x0000000080200000, 0x0000000080100000| Complete 
|   2|0x0000000080200000, 0x0000000080300000, 0x0000000080300000|100%|HC|  |TAMS 0x0000000080300000, 0x0000000080200000| Complete 
|   3|0x0000000080300000, 0x0000000080400000, 0x0000000080400000|100%|HC|  |TAMS 0x0000000080400000, 0x0000000080300000| Complete 
|   4|0x0000000080400000, 0x0000000080500000, 0x0000000080500000|100%| O|  |TAMS 0x0000000080500000, 0x0000000080400000| Untracked 
|   5|0x0000000080500000, 0x0000000080600000, 0x0000000080600000|100%| O|  |TAMS 0x0000000080500000, 0x0000000080500000| Untracked 
|   6|0x0000000080600000, 0x0000000080700000, 0x0000000080700000|100%| O|  |TAMS 0x0000000080700000, 0x0000000080600000| Untracked 
|   7|0x0000000080700000, 0x0000000080800000, 0x0000000080800000|100%| O|  |TAMS 0x0000000080800000, 0x0000000080700000| Untracked 
|   8|0x0000000080800000, 0x0000000080900000, 0x0000000080900000|100%| O|  |TAMS 0x0000000080900000, 0x0000000080800000| Untracked 
|   9|0x0000000080900000, 0x0000000080a00000, 0x0000000080a00000|100%| O|  |TAMS 0x0000000080a00000, 0x0000000080900000| Untracked 
|  10|0x0000000080a00000, 0x0000000080b00000, 0x0000000080b00000|100%| O|  |TAMS 0x0000000080b00000, 0x0000000080a00000| Untracked 
|  11|0x0000000080b00000, 0x0000000080c00000, 0x0000000080c00000|100%| O|  |TAMS 0x0000000080c00000, 0x0000000080b00000| Untracked 
|  12|0x0000000080c00000, 0x0000000080d00000, 0x0000000080d00000|100%| O|  |TAMS 0x0000000080d00000, 0x0000000080c00000| Untracked 
|  13|0x0000000080d00000, 0x0000000080e00000, 0x0000000080e00000|100%| O|  |TAMS 0x0000000080d00000, 0x0000000080d00000| Untracked 
|  14|0x0000000080e00000, 0x0000000080f00000, 0x0000000080f00000|100%| O|  |TAMS 0x0000000080f00000, 0x0000000080e00000| Untracked 
|  15|0x0000000080f00000, 0x0000000081000000, 0x0000000081000000|100%| O|  |TAMS 0x0000000081000000, 0x0000000080f00000| Untracked 
|  16|0x0000000081000000, 0x0000000081100000, 0x0000000081100000|100%| O|  |TAMS 0x0000000081100000, 0x0000000081000000| Untracked 
|  17|0x0000000081100000, 0x0000000081200000, 0x0000000081200000|100%| O|  |TAMS 0x0000000081200000, 0x0000000081100000| Untracked 
|  18|0x0000000081200000, 0x0000000081300000, 0x0000000081300000|100%| O|  |TAMS 0x0000000081300000, 0x0000000081200000| Untracked 
|  19|0x0000000081300000, 0x0000000081400000, 0x0000000081400000|100%| O|  |TAMS 0x0000000081400000, 0x0000000081300000| Untracked 
|  20|0x0000000081400000, 0x0000000081500000, 0x0000000081500000|100%| O|  |TAMS 0x0000000081500000, 0x0000000081400000| Untracked 
|  21|0x0000000081500000, 0x0000000081600000, 0x0000000081600000|100%| O|  |TAMS 0x0000000081600000, 0x0000000081500000| Untracked 
|  22|0x0000000081600000, 0x0000000081700000, 0x0000000081700000|100%| O|  |TAMS 0x0000000081700000, 0x0000000081600000| Untracked 
|  23|0x0000000081700000, 0x0000000081800000, 0x0000000081800000|100%| O|  |TAMS 0x0000000081800000, 0x0000000081700000| Untracked 
|  24|0x0000000081800000, 0x0000000081900000, 0x0000000081900000|100%| O|  |TAMS 0x0000000081800000, 0x0000000081800000| Untracked 
|  25|0x0000000081900000, 0x0000000081a00000, 0x0000000081a00000|100%|HS|  |TAMS 0x0000000081a00000, 0x0000000081900000| Complete 
|  26|0x0000000081a00000, 0x0000000081b00000, 0x0000000081b00000|100%| O|  |TAMS 0x0000000081b00000, 0x0000000081a00000| Untracked 
|  27|0x0000000081b00000, 0x0000000081c00000, 0x0000000081c00000|100%| O|  |TAMS 0x0000000081c00000, 0x0000000081b00000| Untracked 
|  28|0x0000000081c00000, 0x0000000081d00000, 0x0000000081d00000|100%| O|  |TAMS 0x0000000081d00000, 0x0000000081c00000| Untracked 
|  29|0x0000000081d00000, 0x0000000081e00000, 0x0000000081e00000|100%| O|  |TAMS 0x0000000081e00000, 0x0000000081d00000| Untracked 
|  30|0x0000000081e00000, 0x0000000081f00000, 0x0000000081f00000|100%| O|  |TAMS 0x0000000081f00000, 0x0000000081e00000| Untracked 
|  31|0x0000000081f00000, 0x0000000082000000, 0x0000000082000000|100%| O|  |TAMS 0x0000000082000000, 0x0000000081f00000| Untracked 
|  32|0x0000000082000000, 0x0000000082100000, 0x0000000082100000|100%| O|  |TAMS 0x0000000082100000, 0x0000000082000000| Untracked 
|  33|0x0000000082100000, 0x0000000082200000, 0x0000000082200000|100%|HS|  |TAMS 0x0000000082200000, 0x0000000082100000| Complete 
|  34|0x0000000082200000, 0x0000000082300000, 0x0000000082300000|100%| O|  |TAMS 0x0000000082300000, 0x0000000082200000| Untracked 
|  35|0x0000000082300000, 0x0000000082400000, 0x0000000082400000|100%| O|  |TAMS 0x0000000082400000, 0x0000000082300000| Untracked 
|  36|0x0000000082400000, 0x0000000082500000, 0x0000000082500000|100%|HS|  |TAMS 0x0000000082500000, 0x0000000082400000| Complete 
|  37|0x0000000082500000, 0x0000000082600000, 0x0000000082600000|100%| O|  |TAMS 0x0000000082600000, 0x0000000082500000| Untracked 
|  38|0x0000000082600000, 0x0000000082700000, 0x0000000082700000|100%| O|  |TAMS 0x0000000082700000, 0x0000000082600000| Untracked 
|  39|0x0000000082700000, 0x0000000082800000, 0x0000000082800000|100%| O|  |TAMS 0x0000000082700000, 0x0000000082700000| Untracked 
|  40|0x0000000082800000, 0x0000000082900000, 0x0000000082900000|100%| O|  |TAMS 0x0000000082900000, 0x0000000082800000| Untracked 
|  41|0x0000000082900000, 0x0000000082a00000, 0x0000000082a00000|100%| O|  |TAMS 0x0000000082a00000, 0x0000000082900000| Untracked 
|  42|0x0000000082a00000, 0x0000000082b00000, 0x0000000082b00000|100%| O|  |TAMS 0x0000000082b00000, 0x0000000082a00000| Untracked 
|  43|0x0000000082b00000, 0x0000000082c00000, 0x0000000082c00000|100%| O|  |TAMS 0x0000000082c00000, 0x0000000082b00000| Untracked 
|  44|0x0000000082c00000, 0x0000000082d00000, 0x0000000082d00000|100%| O|  |TAMS 0x0000000082d00000, 0x0000000082c00000| Untracked 
|  45|0x0000000082d00000, 0x0000000082e00000, 0x0000000082e00000|100%| O|  |TAMS 0x0000000082e00000, 0x0000000082d00000| Untracked 
|  46|0x0000000082e00000, 0x0000000082f00000, 0x0000000082f00000|100%| O|  |TAMS 0x0000000082f00000, 0x0000000082e00000| Untracked 
|  47|0x0000000082f00000, 0x0000000083000000, 0x0000000083000000|100%| O|  |TAMS 0x0000000083000000, 0x0000000082f00000| Untracked 
|  48|0x0000000083000000, 0x0000000083100000, 0x0000000083100000|100%| O|  |TAMS 0x0000000083100000, 0x0000000083000000| Untracked 
|  49|0x0000000083100000, 0x0000000083200000, 0x0000000083200000|100%| O|  |TAMS 0x0000000083200000, 0x0000000083100000| Untracked 
|  50|0x0000000083200000, 0x0000000083300000, 0x0000000083300000|100%| O|  |TAMS 0x0000000083300000, 0x0000000083200000| Untracked 
|  51|0x0000000083300000, 0x0000000083400000, 0x0000000083400000|100%| O|  |TAMS 0x0000000083400000, 0x0000000083300000| Untracked 
|  52|0x0000000083400000, 0x0000000083500000, 0x0000000083500000|100%| O|  |TAMS 0x0000000083500000, 0x0000000083400000| Untracked 
|  53|0x0000000083500000, 0x0000000083600000, 0x0000000083600000|100%| O|  |TAMS 0x0000000083600000, 0x0000000083500000| Untracked 
|  54|0x0000000083600000, 0x0000000083700000, 0x0000000083700000|100%| O|  |TAMS 0x0000000083700000, 0x0000000083600000| Untracked 
|  55|0x0000000083700000, 0x0000000083800000, 0x0000000083800000|100%| O|  |TAMS 0x0000000083800000, 0x0000000083700000| Untracked 
|  56|0x0000000083800000, 0x0000000083900000, 0x0000000083900000|100%| O|  |TAMS 0x0000000083900000, 0x0000000083800000| Untracked 
|  57|0x0000000083900000, 0x0000000083a00000, 0x0000000083a00000|100%| O|  |TAMS 0x0000000083a00000, 0x0000000083900000| Untracked 
|  58|0x0000000083a00000, 0x0000000083b00000, 0x0000000083b00000|100%| O|  |TAMS 0x0000000083b00000, 0x0000000083a00000| Untracked 
|  59|0x0000000083b00000, 0x0000000083c00000, 0x0000000083c00000|100%| O|  |TAMS 0x0000000083c00000, 0x0000000083b00000| Untracked 
|  60|0x0000000083c00000, 0x0000000083d00000, 0x0000000083d00000|100%| O|  |TAMS 0x0000000083d00000, 0x0000000083c00000| Untracked 
|  61|0x0000000083d00000, 0x0000000083e00000, 0x0000000083e00000|100%| O|  |TAMS 0x0000000083e00000, 0x0000000083d00000| Untracked 
|  62|0x0000000083e00000, 0x0000000083f00000, 0x0000000083f00000|100%| O|  |TAMS 0x0000000083f00000, 0x0000000083e00000| Untracked 
|  63|0x0000000083f00000, 0x0000000084000000, 0x0000000084000000|100%| O|  |TAMS 0x0000000084000000, 0x0000000083f00000| Untracked 
|  64|0x0000000084000000, 0x0000000084100000, 0x0000000084100000|100%| O|  |TAMS 0x0000000084100000, 0x0000000084000000| Untracked 
|  65|0x0000000084100000, 0x0000000084200000, 0x0000000084200000|100%| O|  |TAMS 0x0000000084200000, 0x0000000084100000| Untracked 
|  66|0x0000000084200000, 0x0000000084300000, 0x0000000084300000|100%| O|  |TAMS 0x0000000084300000, 0x0000000084200000| Untracked 
|  67|0x0000000084300000, 0x0000000084400000, 0x0000000084400000|100%| O|  |TAMS 0x0000000084400000, 0x0000000084300000| Untracked 
|  68|0x0000000084400000, 0x0000000084500000, 0x0000000084500000|100%| O|  |TAMS 0x0000000084500000, 0x0000000084400000| Untracked 
|  69|0x0000000084500000, 0x0000000084600000, 0x0000000084600000|100%| O|  |TAMS 0x0000000084600000, 0x0000000084500000| Untracked 
|  70|0x0000000084600000, 0x0000000084700000, 0x0000000084700000|100%| O|  |TAMS 0x0000000084700000, 0x0000000084600000| Untracked 
|  71|0x0000000084700000, 0x0000000084800000, 0x0000000084800000|100%| O|  |TAMS 0x0000000084800000, 0x0000000084700000| Untracked 
|  72|0x0000000084800000, 0x0000000084900000, 0x0000000084900000|100%| O|  |TAMS 0x0000000084900000, 0x0000000084800000| Untracked 
|  73|0x0000000084900000, 0x0000000084a00000, 0x0000000084a00000|100%| O|  |TAMS 0x0000000084a00000, 0x0000000084900000| Untracked 
|  74|0x0000000084a00000, 0x0000000084b00000, 0x0000000084b00000|100%| O|  |TAMS 0x0000000084b00000, 0x0000000084a00000| Untracked 
|  75|0x0000000084b00000, 0x0000000084c00000, 0x0000000084c00000|100%| O|  |TAMS 0x0000000084c00000, 0x0000000084b00000| Untracked 
|  76|0x0000000084c00000, 0x0000000084d00000, 0x0000000084d00000|100%| O|  |TAMS 0x0000000084d00000, 0x0000000084c00000| Untracked 
|  77|0x0000000084d00000, 0x0000000084e00000, 0x0000000084e00000|100%| O|  |TAMS 0x0000000084e00000, 0x0000000084d00000| Untracked 
|  78|0x0000000084e00000, 0x0000000084f00000, 0x0000000084f00000|100%| O|  |TAMS 0x0000000084e00000, 0x0000000084e00000| Untracked 
|  79|0x0000000084f00000, 0x0000000085000000, 0x0000000085000000|100%| O|  |TAMS 0x0000000084f00000, 0x0000000084f00000| Untracked 
|  80|0x0000000085000000, 0x0000000085100000, 0x0000000085100000|100%| O|  |TAMS 0x0000000085000000, 0x0000000085000000| Untracked 
|  81|0x0000000085100000, 0x0000000085200000, 0x0000000085200000|100%| O|  |TAMS 0x0000000085100000, 0x0000000085100000| Untracked 
|  82|0x0000000085200000, 0x0000000085300000, 0x0000000085300000|100%| O|  |TAMS 0x0000000085200000, 0x0000000085200000| Untracked 
|  83|0x0000000085300000, 0x0000000085400000, 0x0000000085400000|100%| O|  |TAMS 0x0000000085300000, 0x0000000085300000| Untracked 
|  84|0x0000000085400000, 0x0000000085500000, 0x0000000085500000|100%| O|  |TAMS 0x0000000085400000, 0x0000000085400000| Untracked 
|  85|0x0000000085500000, 0x0000000085600000, 0x0000000085600000|100%| O|  |TAMS 0x0000000085500000, 0x0000000085500000| Untracked 
|  86|0x0000000085600000, 0x0000000085700000, 0x0000000085700000|100%| O|  |TAMS 0x0000000085600000, 0x0000000085600000| Untracked 
|  87|0x0000000085700000, 0x0000000085800000, 0x0000000085800000|100%| O|  |TAMS 0x0000000085700000, 0x0000000085700000| Untracked 
|  88|0x0000000085800000, 0x0000000085900000, 0x0000000085900000|100%| O|  |TAMS 0x0000000085800000, 0x0000000085800000| Untracked 
|  89|0x0000000085900000, 0x0000000085a00000, 0x0000000085a00000|100%| O|  |TAMS 0x0000000085900000, 0x0000000085900000| Untracked 
|  90|0x0000000085a00000, 0x0000000085b00000, 0x0000000085b00000|100%|HS|  |TAMS 0x0000000085a00000, 0x0000000085a00000| Complete 
|  91|0x0000000085b00000, 0x0000000085c00000, 0x0000000085c00000|100%|HC|  |TAMS 0x0000000085b00000, 0x0000000085b00000| Complete 
|  92|0x0000000085c00000, 0x0000000085d00000, 0x0000000085d00000|100%| O|  |TAMS 0x0000000085c00000, 0x0000000085c00000| Untracked 
|  93|0x0000000085d00000, 0x0000000085e00000, 0x0000000085e00000|100%| O|  |TAMS 0x0000000085d00000, 0x0000000085d00000| Untracked 
|  94|0x0000000085e00000, 0x0000000085f00000, 0x0000000085f00000|100%| O|  |TAMS 0x0000000085e00000, 0x0000000085e00000| Untracked 
|  95|0x0000000085f00000, 0x0000000086000000, 0x0000000086000000|100%| O|  |TAMS 0x0000000085f00000, 0x0000000085f00000| Untracked 
|  96|0x0000000086000000, 0x0000000086100000, 0x0000000086100000|100%| O|  |TAMS 0x0000000086000000, 0x0000000086000000| Untracked 
|  97|0x0000000086100000, 0x0000000086200000, 0x0000000086200000|100%| O|  |TAMS 0x0000000086100000, 0x0000000086100000| Untracked 
|  98|0x0000000086200000, 0x0000000086300000, 0x0000000086300000|100%| O|  |TAMS 0x0000000086200000, 0x0000000086200000| Untracked 
|  99|0x0000000086300000, 0x0000000086400000, 0x0000000086400000|100%| O|  |TAMS 0x0000000086300000, 0x0000000086300000| Untracked 
| 100|0x0000000086400000, 0x0000000086500000, 0x0000000086500000|100%| O|  |TAMS 0x0000000086400000, 0x0000000086400000| Untracked 
| 101|0x0000000086500000, 0x0000000086600000, 0x0000000086600000|100%| O|  |TAMS 0x0000000086500000, 0x0000000086500000| Untracked 
| 102|0x0000000086600000, 0x0000000086700000, 0x0000000086700000|100%| O|  |TAMS 0x0000000086600000, 0x0000000086600000| Untracked 
| 103|0x0000000086700000, 0x0000000086800000, 0x0000000086800000|100%| O|  |TAMS 0x0000000086700000, 0x0000000086700000| Untracked 
| 104|0x0000000086800000, 0x0000000086900000, 0x0000000086900000|100%| O|  |TAMS 0x0000000086800000, 0x0000000086800000| Untracked 
| 105|0x0000000086900000, 0x0000000086a00000, 0x0000000086a00000|100%| O|  |TAMS 0x0000000086900000, 0x0000000086900000| Untracked 
| 106|0x0000000086a00000, 0x0000000086b00000, 0x0000000086b00000|100%| O|  |TAMS 0x0000000086a00000, 0x0000000086a00000| Untracked 
| 107|0x0000000086b00000, 0x0000000086b00000, 0x0000000086c00000|  0%| F|  |TAMS 0x0000000086b00000, 0x0000000086b00000| Untracked 
| 108|0x0000000086c00000, 0x0000000086c00000, 0x0000000086d00000|  0%| F|  |TAMS 0x0000000086c00000, 0x0000000086c00000| Untracked 
| 109|0x0000000086d00000, 0x0000000086d00000, 0x0000000086e00000|  0%| F|  |TAMS 0x0000000086d00000, 0x0000000086d00000| Untracked 
| 110|0x0000000086e00000, 0x0000000086e00000, 0x0000000086f00000|  0%| F|  |TAMS 0x0000000086e00000, 0x0000000086e00000| Untracked 
| 111|0x0000000086f00000, 0x0000000086f00000, 0x0000000087000000|  0%| F|  |TAMS 0x0000000086f00000, 0x0000000086f00000| Untracked 
| 112|0x0000000087000000, 0x0000000087000000, 0x0000000087100000|  0%| F|  |TAMS 0x0000000087000000, 0x0000000087000000| Untracked 
| 113|0x0000000087100000, 0x0000000087100000, 0x0000000087200000|  0%| F|  |TAMS 0x0000000087100000, 0x0000000087100000| Untracked 
| 114|0x0000000087200000, 0x0000000087200000, 0x0000000087300000|  0%| F|  |TAMS 0x0000000087200000, 0x0000000087200000| Untracked 
| 115|0x0000000087300000, 0x0000000087300000, 0x0000000087400000|  0%| F|  |TAMS 0x0000000087300000, 0x0000000087300000| Untracked 
| 116|0x0000000087400000, 0x0000000087400000, 0x0000000087500000|  0%| F|  |TAMS 0x0000000087400000, 0x0000000087400000| Untracked 
| 117|0x0000000087500000, 0x0000000087600000, 0x0000000087600000|100%| O|  |TAMS 0x0000000087500000, 0x0000000087500000| Untracked 
| 118|0x0000000087600000, 0x0000000087700000, 0x0000000087700000|100%| O|  |TAMS 0x0000000087600000, 0x0000000087600000| Untracked 
| 119|0x0000000087700000, 0x0000000087800000, 0x0000000087800000|100%| O|  |TAMS 0x0000000087700000, 0x0000000087700000| Untracked 
| 120|0x0000000087800000, 0x0000000087900000, 0x0000000087900000|100%| O|  |TAMS 0x0000000087800000, 0x0000000087800000| Untracked 
| 121|0x0000000087900000, 0x0000000087998000, 0x0000000087a00000| 59%| O|  |TAMS 0x0000000087900000, 0x0000000087900000| Untracked 
| 122|0x0000000087a00000, 0x0000000087a00000, 0x0000000087b00000|  0%| F|  |TAMS 0x0000000087a00000, 0x0000000087a00000| Untracked 
| 123|0x0000000087b00000, 0x0000000087b00000, 0x0000000087c00000|  0%| F|  |TAMS 0x0000000087b00000, 0x0000000087b00000| Untracked 
| 124|0x0000000087c00000, 0x0000000087c00000, 0x0000000087d00000|  0%| F|  |TAMS 0x0000000087c00000, 0x0000000087c00000| Untracked 
| 125|0x0000000087d00000, 0x0000000087d00000, 0x0000000087e00000|  0%| F|  |TAMS 0x0000000087d00000, 0x0000000087d00000| Untracked 
| 126|0x0000000087e00000, 0x0000000087e00000, 0x0000000087f00000|  0%| F|  |TAMS 0x0000000087e00000, 0x0000000087e00000| Untracked 
| 127|0x0000000087f00000, 0x0000000087f00000, 0x0000000088000000|  0%| F|  |TAMS 0x0000000087f00000, 0x0000000087f00000| Untracked 
| 128|0x0000000088000000, 0x0000000088000000, 0x0000000088100000|  0%| F|  |TAMS 0x0000000088000000, 0x0000000088000000| Untracked 
| 129|0x0000000088100000, 0x0000000088100000, 0x0000000088200000|  0%| F|  |TAMS 0x0000000088100000, 0x0000000088100000| Untracked 
| 130|0x0000000088200000, 0x0000000088200000, 0x0000000088300000|  0%| F|  |TAMS 0x0000000088200000, 0x0000000088200000| Untracked 
| 131|0x0000000088300000, 0x0000000088300000, 0x0000000088400000|  0%| F|  |TAMS 0x0000000088300000, 0x0000000088300000| Untracked 
| 132|0x0000000088400000, 0x0000000088400000, 0x0000000088500000|  0%| F|  |TAMS 0x0000000088400000, 0x0000000088400000| Untracked 
| 133|0x0000000088500000, 0x0000000088500000, 0x0000000088600000|  0%| F|  |TAMS 0x0000000088500000, 0x0000000088500000| Untracked 
| 134|0x0000000088600000, 0x0000000088600000, 0x0000000088700000|  0%| F|  |TAMS 0x0000000088600000, 0x0000000088600000| Untracked 
| 135|0x0000000088700000, 0x0000000088700000, 0x0000000088800000|  0%| F|  |TAMS 0x0000000088700000, 0x0000000088700000| Untracked 
| 136|0x0000000088800000, 0x0000000088800000, 0x0000000088900000|  0%| F|  |TAMS 0x0000000088800000, 0x0000000088800000| Untracked 
| 137|0x0000000088900000, 0x0000000088900000, 0x0000000088a00000|  0%| F|  |TAMS 0x0000000088900000, 0x0000000088900000| Untracked 
| 138|0x0000000088a00000, 0x0000000088a00000, 0x0000000088b00000|  0%| F|  |TAMS 0x0000000088a00000, 0x0000000088a00000| Untracked 
| 139|0x0000000088b00000, 0x0000000088b00000, 0x0000000088c00000|  0%| F|  |TAMS 0x0000000088b00000, 0x0000000088b00000| Untracked 
| 140|0x0000000088c00000, 0x0000000088c00000, 0x0000000088d00000|  0%| F|  |TAMS 0x0000000088c00000, 0x0000000088c00000| Untracked 
| 141|0x0000000088d00000, 0x0000000088d00000, 0x0000000088e00000|  0%| F|  |TAMS 0x0000000088d00000, 0x0000000088d00000| Untracked 
| 142|0x0000000088e00000, 0x0000000088e00000, 0x0000000088f00000|  0%| F|  |TAMS 0x0000000088e00000, 0x0000000088e00000| Untracked 
| 143|0x0000000088f00000, 0x0000000088f00000, 0x0000000089000000|  0%| F|  |TAMS 0x0000000088f00000, 0x0000000088f00000| Untracked 
| 144|0x0000000089000000, 0x0000000089000000, 0x0000000089100000|  0%| F|  |TAMS 0x0000000089000000, 0x0000000089000000| Untracked 
| 145|0x0000000089100000, 0x0000000089100000, 0x0000000089200000|  0%| F|  |TAMS 0x0000000089100000, 0x0000000089100000| Untracked 
| 146|0x0000000089200000, 0x0000000089200000, 0x0000000089300000|  0%| F|  |TAMS 0x0000000089200000, 0x0000000089200000| Untracked 
| 147|0x0000000089300000, 0x0000000089300000, 0x0000000089400000|  0%| F|  |TAMS 0x0000000089300000, 0x0000000089300000| Untracked 
| 148|0x0000000089400000, 0x0000000089400000, 0x0000000089500000|  0%| F|  |TAMS 0x0000000089400000, 0x0000000089400000| Untracked 
| 149|0x0000000089500000, 0x0000000089500000, 0x0000000089600000|  0%| F|  |TAMS 0x0000000089500000, 0x0000000089500000| Untracked 
| 150|0x0000000089600000, 0x0000000089600000, 0x0000000089700000|  0%| F|  |TAMS 0x0000000089600000, 0x0000000089600000| Untracked 
| 151|0x0000000089700000, 0x0000000089700000, 0x0000000089800000|  0%| F|  |TAMS 0x0000000089700000, 0x0000000089700000| Untracked 
| 152|0x0000000089800000, 0x000000008981b568, 0x0000000089900000| 10%| S|CS|TAMS 0x0000000089800000, 0x0000000089800000| Complete 
| 153|0x0000000089900000, 0x0000000089a00000, 0x0000000089a00000|100%| S|CS|TAMS 0x0000000089900000, 0x0000000089900000| Complete 
| 154|0x0000000089a00000, 0x0000000089b00000, 0x0000000089b00000|100%| S|CS|TAMS 0x0000000089a00000, 0x0000000089a00000| Complete 
| 155|0x0000000089b00000, 0x0000000089c00000, 0x0000000089c00000|100%| S|CS|TAMS 0x0000000089b00000, 0x0000000089b00000| Complete 
| 156|0x0000000089c00000, 0x0000000089d00000, 0x0000000089d00000|100%| S|CS|TAMS 0x0000000089c00000, 0x0000000089c00000| Complete 
| 157|0x0000000089d00000, 0x0000000089e00000, 0x0000000089e00000|100%| S|CS|TAMS 0x0000000089d00000, 0x0000000089d00000| Complete 
| 158|0x0000000089e00000, 0x0000000089e00000, 0x0000000089f00000|  0%| F|  |TAMS 0x0000000089e00000, 0x0000000089e00000| Untracked 
| 159|0x0000000089f00000, 0x0000000089f00000, 0x000000008a000000|  0%| F|  |TAMS 0x0000000089f00000, 0x0000000089f00000| Untracked 
| 160|0x000000008a000000, 0x000000008a000000, 0x000000008a100000|  0%| F|  |TAMS 0x000000008a000000, 0x000000008a000000| Untracked 
| 161|0x000000008a100000, 0x000000008a100000, 0x000000008a200000|  0%| F|  |TAMS 0x000000008a100000, 0x000000008a100000| Untracked 
| 162|0x000000008a200000, 0x000000008a200000, 0x000000008a300000|  0%| F|  |TAMS 0x000000008a200000, 0x000000008a200000| Untracked 
| 163|0x000000008a300000, 0x000000008a300000, 0x000000008a400000|  0%| F|  |TAMS 0x000000008a300000, 0x000000008a300000| Untracked 
| 164|0x000000008a400000, 0x000000008a400000, 0x000000008a500000|  0%| F|  |TAMS 0x000000008a400000, 0x000000008a400000| Untracked 
| 165|0x000000008a500000, 0x000000008a500000, 0x000000008a600000|  0%| F|  |TAMS 0x000000008a500000, 0x000000008a500000| Untracked 
| 166|0x000000008a600000, 0x000000008a600000, 0x000000008a700000|  0%| F|  |TAMS 0x000000008a600000, 0x000000008a600000| Untracked 
| 167|0x000000008a700000, 0x000000008a700000, 0x000000008a800000|  0%| F|  |TAMS 0x000000008a700000, 0x000000008a700000| Untracked 
| 168|0x000000008a800000, 0x000000008a800000, 0x000000008a900000|  0%| F|  |TAMS 0x000000008a800000, 0x000000008a800000| Untracked 
| 169|0x000000008a900000, 0x000000008a900000, 0x000000008aa00000|  0%| F|  |TAMS 0x000000008a900000, 0x000000008a900000| Untracked 
| 170|0x000000008aa00000, 0x000000008aa00000, 0x000000008ab00000|  0%| F|  |TAMS 0x000000008aa00000, 0x000000008aa00000| Untracked 
| 171|0x000000008ab00000, 0x000000008ab00000, 0x000000008ac00000|  0%| F|  |TAMS 0x000000008ab00000, 0x000000008ab00000| Untracked 
| 172|0x000000008ac00000, 0x000000008ac00000, 0x000000008ad00000|  0%| F|  |TAMS 0x000000008ac00000, 0x000000008ac00000| Untracked 
| 173|0x000000008ad00000, 0x000000008ad00000, 0x000000008ae00000|  0%| F|  |TAMS 0x000000008ad00000, 0x000000008ad00000| Untracked 
| 174|0x000000008ae00000, 0x000000008ae00000, 0x000000008af00000|  0%| F|  |TAMS 0x000000008ae00000, 0x000000008ae00000| Untracked 
| 175|0x000000008af00000, 0x000000008af00000, 0x000000008b000000|  0%| F|  |TAMS 0x000000008af00000, 0x000000008af00000| Untracked 
| 176|0x000000008b000000, 0x000000008b000000, 0x000000008b100000|  0%| F|  |TAMS 0x000000008b000000, 0x000000008b000000| Untracked 
| 177|0x000000008b100000, 0x000000008b100000, 0x000000008b200000|  0%| F|  |TAMS 0x000000008b100000, 0x000000008b100000| Untracked 
| 178|0x000000008b200000, 0x000000008b200000, 0x000000008b300000|  0%| F|  |TAMS 0x000000008b200000, 0x000000008b200000| Untracked 
| 179|0x000000008b300000, 0x000000008b300000, 0x000000008b400000|  0%| F|  |TAMS 0x000000008b300000, 0x000000008b300000| Untracked 
| 180|0x000000008b400000, 0x000000008b400000, 0x000000008b500000|  0%| F|  |TAMS 0x000000008b400000, 0x000000008b400000| Untracked 
| 181|0x000000008b500000, 0x000000008b500000, 0x000000008b600000|  0%| F|  |TAMS 0x000000008b500000, 0x000000008b500000| Untracked 
| 182|0x000000008b600000, 0x000000008b600000, 0x000000008b700000|  0%| F|  |TAMS 0x000000008b600000, 0x000000008b600000| Untracked 
| 183|0x000000008b700000, 0x000000008b700000, 0x000000008b800000|  0%| F|  |TAMS 0x000000008b700000, 0x000000008b700000| Untracked 
| 184|0x000000008b800000, 0x000000008b800000, 0x000000008b900000|  0%| F|  |TAMS 0x000000008b800000, 0x000000008b800000| Untracked 
| 185|0x000000008b900000, 0x000000008b900000, 0x000000008ba00000|  0%| F|  |TAMS 0x000000008b900000, 0x000000008b900000| Untracked 
| 186|0x000000008ba00000, 0x000000008ba00000, 0x000000008bb00000|  0%| F|  |TAMS 0x000000008ba00000, 0x000000008ba00000| Untracked 
| 187|0x000000008bb00000, 0x000000008bb00000, 0x000000008bc00000|  0%| F|  |TAMS 0x000000008bb00000, 0x000000008bb00000| Untracked 
| 188|0x000000008bc00000, 0x000000008bc4e6b0, 0x000000008bd00000| 30%| E|  |TAMS 0x000000008bc00000, 0x000000008bc00000| Complete 
| 189|0x000000008bd00000, 0x000000008be00000, 0x000000008be00000|100%| E|CS|TAMS 0x000000008bd00000, 0x000000008bd00000| Complete 
| 190|0x000000008be00000, 0x000000008bf00000, 0x000000008bf00000|100%| E|CS|TAMS 0x000000008be00000, 0x000000008be00000| Complete 
| 191|0x000000008bf00000, 0x000000008c000000, 0x000000008c000000|100%| E|CS|TAMS 0x000000008bf00000, 0x000000008bf00000| Complete 
| 192|0x000000008c000000, 0x000000008c100000, 0x000000008c100000|100%| E|CS|TAMS 0x000000008c000000, 0x000000008c000000| Complete 
| 193|0x000000008c100000, 0x000000008c200000, 0x000000008c200000|100%| E|CS|TAMS 0x000000008c100000, 0x000000008c100000| Complete 
| 194|0x000000008c200000, 0x000000008c300000, 0x000000008c300000|100%| E|CS|TAMS 0x000000008c200000, 0x000000008c200000| Complete 
| 195|0x000000008c300000, 0x000000008c400000, 0x000000008c400000|100%| E|CS|TAMS 0x000000008c300000, 0x000000008c300000| Complete 
| 196|0x000000008c400000, 0x000000008c500000, 0x000000008c500000|100%| E|CS|TAMS 0x000000008c400000, 0x000000008c400000| Complete 
| 197|0x000000008c500000, 0x000000008c600000, 0x000000008c600000|100%| E|CS|TAMS 0x000000008c500000, 0x000000008c500000| Complete 
| 198|0x000000008c600000, 0x000000008c700000, 0x000000008c700000|100%| E|CS|TAMS 0x000000008c600000, 0x000000008c600000| Complete 
| 199|0x000000008c700000, 0x000000008c800000, 0x000000008c800000|100%| E|CS|TAMS 0x000000008c700000, 0x000000008c700000| Complete 
| 200|0x000000008c800000, 0x000000008c900000, 0x000000008c900000|100%| E|CS|TAMS 0x000000008c800000, 0x000000008c800000| Complete 
| 201|0x000000008c900000, 0x000000008ca00000, 0x000000008ca00000|100%| E|CS|TAMS 0x000000008c900000, 0x000000008c900000| Complete 
| 202|0x000000008ca00000, 0x000000008cb00000, 0x000000008cb00000|100%| E|CS|TAMS 0x000000008ca00000, 0x000000008ca00000| Complete 
| 203|0x000000008cb00000, 0x000000008cc00000, 0x000000008cc00000|100%| E|CS|TAMS 0x000000008cb00000, 0x000000008cb00000| Complete 
| 204|0x000000008cc00000, 0x000000008cd00000, 0x000000008cd00000|100%| E|CS|TAMS 0x000000008cc00000, 0x000000008cc00000| Complete 
| 205|0x000000008cd00000, 0x000000008ce00000, 0x000000008ce00000|100%| E|CS|TAMS 0x000000008cd00000, 0x000000008cd00000| Complete 
| 206|0x000000008ce00000, 0x000000008cf00000, 0x000000008cf00000|100%| E|CS|TAMS 0x000000008ce00000, 0x000000008ce00000| Complete 
| 207|0x000000008cf00000, 0x000000008d000000, 0x000000008d000000|100%| E|CS|TAMS 0x000000008cf00000, 0x000000008cf00000| Complete 
| 208|0x000000008d000000, 0x000000008d100000, 0x000000008d100000|100%| E|CS|TAMS 0x000000008d000000, 0x000000008d000000| Complete 
| 209|0x000000008d100000, 0x000000008d200000, 0x000000008d200000|100%| E|CS|TAMS 0x000000008d100000, 0x000000008d100000| Complete 
| 210|0x000000008d200000, 0x000000008d300000, 0x000000008d300000|100%| E|CS|TAMS 0x000000008d200000, 0x000000008d200000| Complete 
| 211|0x000000008d300000, 0x000000008d400000, 0x000000008d400000|100%| E|CS|TAMS 0x000000008d300000, 0x000000008d300000| Complete 
| 212|0x000000008d400000, 0x000000008d500000, 0x000000008d500000|100%| E|CS|TAMS 0x000000008d400000, 0x000000008d400000| Complete 
| 213|0x000000008d500000, 0x000000008d600000, 0x000000008d600000|100%| E|CS|TAMS 0x000000008d500000, 0x000000008d500000| Complete 
| 214|0x000000008d600000, 0x000000008d700000, 0x000000008d700000|100%| E|CS|TAMS 0x000000008d600000, 0x000000008d600000| Complete 
| 215|0x000000008d700000, 0x000000008d800000, 0x000000008d800000|100%| E|CS|TAMS 0x000000008d700000, 0x000000008d700000| Complete 
| 216|0x000000008d800000, 0x000000008d900000, 0x000000008d900000|100%| E|CS|TAMS 0x000000008d800000, 0x000000008d800000| Complete 
| 217|0x000000008d900000, 0x000000008da00000, 0x000000008da00000|100%| E|CS|TAMS 0x000000008d900000, 0x000000008d900000| Complete 
| 218|0x000000008da00000, 0x000000008db00000, 0x000000008db00000|100%| E|CS|TAMS 0x000000008da00000, 0x000000008da00000| Complete 
| 219|0x000000008db00000, 0x000000008dc00000, 0x000000008dc00000|100%| E|CS|TAMS 0x000000008db00000, 0x000000008db00000| Complete 
| 220|0x000000008dc00000, 0x000000008dd00000, 0x000000008dd00000|100%| E|  |TAMS 0x000000008dc00000, 0x000000008dc00000| Complete 
| 221|0x000000008dd00000, 0x000000008de00000, 0x000000008de00000|100%| E|CS|TAMS 0x000000008dd00000, 0x000000008dd00000| Complete 
| 222|0x000000008de00000, 0x000000008df00000, 0x000000008df00000|100%| E|CS|TAMS 0x000000008de00000, 0x000000008de00000| Complete 
| 223|0x000000008df00000, 0x000000008e000000, 0x000000008e000000|100%| E|CS|TAMS 0x000000008df00000, 0x000000008df00000| Complete 
| 224|0x000000008e000000, 0x000000008e100000, 0x000000008e100000|100%| E|CS|TAMS 0x000000008e000000, 0x000000008e000000| Complete 
| 225|0x000000008e100000, 0x000000008e200000, 0x000000008e200000|100%| E|CS|TAMS 0x000000008e100000, 0x000000008e100000| Complete 
| 226|0x000000008e200000, 0x000000008e300000, 0x000000008e300000|100%| E|CS|TAMS 0x000000008e200000, 0x000000008e200000| Complete 
| 227|0x000000008e300000, 0x000000008e400000, 0x000000008e400000|100%| E|CS|TAMS 0x000000008e300000, 0x000000008e300000| Complete 

Card table byte_map: [0x0000023bcd830000,0x0000023bcdc30000] _byte_map_base: 0x0000023bcd430000

Marking Bits (Prev, Next): (CMBitMap*) 0x0000023bb8b29500, (CMBitMap*) 0x0000023bb8b29540
 Prev Bits: [0x0000023bce030000, 0x0000023bd0030000)
 Next Bits: [0x0000023bd0030000, 0x0000023bd2030000)

Polling page: 0x0000023bb8ba0000

Metaspace:

Usage:
  Non-class:    106.16 MB used.
      Class:     16.68 MB used.
       Both:    122.84 MB used.

Virtual space:
  Non-class space:      112.00 MB reserved,     106.62 MB ( 95%) committed,  14 nodes.
      Class space:        1.00 GB reserved,      17.06 MB (  2%) committed,  1 nodes.
             Both:        1.11 GB reserved,     123.69 MB ( 11%) committed. 

Chunk freelists:
   Non-Class:  1.19 MB
       Class:  2.93 MB
        Both:  4.12 MB

MaxMetaspaceSize: unlimited
CompressedClassSpaceSize: 1.00 GB
Initial GC threshold: 21.00 MB
Current GC threshold: 152.81 MB
CDS: off
MetaspaceReclaimPolicy: balanced
 - commit_granule_bytes: 65536.
 - commit_granule_words: 8192.
 - virtual_space_node_default_size: 1048576.
 - enlarge_chunks_in_place: 1.
 - new_chunks_are_fully_committed: 0.
 - uncommit_free_chunks: 1.
 - use_allocation_guard: 0.
 - handle_deallocations: 1.


Internal statistics:

num_allocs_failed_limit: 9.
num_arena_births: 1344.
num_arena_deaths: 0.
num_vsnodes_births: 15.
num_vsnodes_deaths: 0.
num_space_committed: 1977.
num_space_uncommitted: 0.
num_chunks_returned_to_freelist: 9.
num_chunks_taken_from_freelist: 6070.
num_chunk_merges: 9.
num_chunk_splits: 4091.
num_chunks_enlarged: 2806.
num_purges: 0.
num_inconsistent_stats: 0.

CodeHeap 'non-profiled nmethods': size=120000Kb used=7120Kb max_used=7120Kb free=112879Kb
 bounds [0x0000023bc5280000, 0x0000023bc5980000, 0x0000023bcc7b0000]
CodeHeap 'profiled nmethods': size=120000Kb used=24211Kb max_used=24211Kb free=95788Kb
 bounds [0x0000023bbd7b0000, 0x0000023bbef60000, 0x0000023bc4ce0000]
CodeHeap 'non-nmethods': size=5760Kb used=2433Kb max_used=2510Kb free=3326Kb
 bounds [0x0000023bc4ce0000, 0x0000023bc4f70000, 0x0000023bc5280000]
 total_blobs=13664 nmethods=12688 adapters=888
 compilation: enabled
              stopped_count=0, restarted_count=0
 full_count=0

Compilation events (20 events):
Event: 141.753 Thread 0x0000023bd586c660 nmethod 14925 0x0000023bbef4ad10 code [0x0000023bbef4aee0, 0x0000023bbef4b208]
Event: 141.753 Thread 0x0000023bd586c660 14926       3       org.gradle.launcher.daemon.protocol.OutputMessage::<init> (10 bytes)
Event: 141.753 Thread 0x0000023bd586c660 nmethod 14926 0x0000023bbef4b390 code [0x0000023bbef4b540, 0x0000023bbef4b758]
Event: 141.753 Thread 0x0000023bd586c660 14927       3       org.gradle.launcher.daemon.protocol.DaemonMessageSerializer$OutputMessageSerializer::write (10 bytes)
Event: 141.754 Thread 0x0000023bd586c660 nmethod 14927 0x0000023bbef4b890 code [0x0000023bbef4ba40, 0x0000023bbef4bd88]
Event: 141.754 Thread 0x0000023bd586c660 14928       3       org.gradle.launcher.daemon.protocol.DaemonMessageSerializer$OutputMessageSerializer::write (15 bytes)
Event: 141.754 Thread 0x0000023bd586c660 nmethod 14928 0x0000023bbef4bf10 code [0x0000023bbef4c0c0, 0x0000023bbef4c2c8]
Event: 141.813 Thread 0x0000023bd586c660 14929       3       java.lang.Thread::<init> (249 bytes)
Event: 141.815 Thread 0x0000023bd5863d50 14932       4       org.gradle.internal.service.DefaultServiceRegistry$SingletonService::get (5 bytes)
Event: 141.823 Thread 0x0000023bd586c660 nmethod 14929 0x0000023bbef4c410 code [0x0000023bbef4c7e0, 0x0000023bbef4e6f8]
Event: 141.823 Thread 0x0000023bd586c660 14930   !   3       java.lang.ThreadGroup::addUnstarted (40 bytes)
Event: 141.823 Thread 0x0000023bd586c660 nmethod 14930 0x0000023bbef4f090 code [0x0000023bbef4f240, 0x0000023bbef4f508]
Event: 141.823 Thread 0x0000023bd586c660 14931  s    3       java.lang.Thread::nextThreadID (10 bytes)
Event: 141.823 Thread 0x0000023bd586c660 nmethod 14931 0x0000023bbef4f690 code [0x0000023bbef4f820, 0x0000023bbef4f9d8]
Event: 141.855 Thread 0x0000023bd586c660 14937       1       org.gradle.internal.io.IOQuery$Result$1::isSuccessful (2 bytes)
Event: 141.855 Thread 0x0000023bd586c660 nmethod 14937 0x0000023bc5973890 code [0x0000023bc5973a20, 0x0000023bc5973af8]
Event: 141.855 Thread 0x0000023bd586c660 14938       1       org.gradle.internal.io.IOQuery$Result$1::getValue (5 bytes)
Event: 141.855 Thread 0x0000023bd586c660 nmethod 14938 0x0000023bc5973b90 code [0x0000023bc5973d20, 0x0000023bc5973df8]
Event: 141.855 Thread 0x0000023bd586c660 14939       1       org.gradle.cache.internal.filelock.FileLockOutcome$3::getFileLock (5 bytes)
Event: 141.856 Thread 0x0000023bd586c660 nmethod 14939 0x0000023bc5973e90 code [0x0000023bc5974020, 0x0000023bc59740f8]

GC Heap History (20 events):
Event: 9.071 GC heap before
{Heap before GC invocations=27 (full 0):
 garbage-first heap   total 132096K, used 105723K [0x0000000080000000, 0x0000000100000000)
  region size 1024K, 43 young (44032K), 6 survivors (6144K)
 Metaspace       used 89443K, committed 90048K, reserved 1130496K
  class space    used 12167K, committed 12480K, reserved 1048576K
}
Event: 9.078 GC heap after
{Heap after GC invocations=28 (full 0):
 garbage-first heap   total 132096K, used 73991K [0x0000000080000000, 0x0000000100000000)
  region size 1024K, 6 young (6144K), 6 survivors (6144K)
 Metaspace       used 89443K, committed 90048K, reserved 1130496K
  class space    used 12167K, committed 12480K, reserved 1048576K
}
Event: 9.573 GC heap before
{Heap before GC invocations=29 (full 0):
 garbage-first heap   total 132096K, used 106759K [0x0000000080000000, 0x0000000100000000)
  region size 1024K, 38 young (38912K), 6 survivors (6144K)
 Metaspace       used 92294K, committed 92928K, reserved 1130496K
  class space    used 12508K, committed 12800K, reserved 1048576K
}
Event: 9.579 GC heap after
{Heap after GC invocations=30 (full 0):
 garbage-first heap   total 132096K, used 79330K [0x0000000080000000, 0x0000000100000000)
  region size 1024K, 5 young (5120K), 5 survivors (5120K)
 Metaspace       used 92294K, committed 92928K, reserved 1130496K
  class space    used 12508K, committed 12800K, reserved 1048576K
}
Event: 9.606 GC heap before
{Heap before GC invocations=30 (full 0):
 garbage-first heap   total 132096K, used 80354K [0x0000000080000000, 0x0000000100000000)
  region size 1024K, 6 young (6144K), 5 survivors (5120K)
 Metaspace       used 92327K, committed 92992K, reserved 1130496K
  class space    used 12512K, committed 12800K, reserved 1048576K
}
Event: 9.611 GC heap after
{Heap after GC invocations=31 (full 0):
 garbage-first heap   total 132096K, used 79527K [0x0000000080000000, 0x0000000100000000)
  region size 1024K, 1 young (1024K), 1 survivors (1024K)
 Metaspace       used 92327K, committed 92992K, reserved 1130496K
  class space    used 12512K, committed 12800K, reserved 1048576K
}
Event: 9.881 GC heap before
{Heap before GC invocations=31 (full 0):
 garbage-first heap   total 132096K, used 106151K [0x0000000080000000, 0x0000000100000000)
  region size 1024K, 28 young (28672K), 1 survivors (1024K)
 Metaspace       used 93173K, committed 93760K, reserved 1130496K
  class space    used 12709K, committed 12992K, reserved 1048576K
}
Event: 9.886 GC heap after
{Heap after GC invocations=32 (full 0):
 garbage-first heap   total 233472K, used 83879K [0x0000000080000000, 0x0000000100000000)
  region size 1024K, 4 young (4096K), 4 survivors (4096K)
 Metaspace       used 93173K, committed 93760K, reserved 1130496K
  class space    used 12709K, committed 12992K, reserved 1048576K
}
Event: 10.876 GC heap before
{Heap before GC invocations=33 (full 0):
 garbage-first heap   total 233472K, used 172967K [0x0000000080000000, 0x0000000100000000)
  region size 1024K, 92 young (94208K), 4 survivors (4096K)
 Metaspace       used 94017K, committed 94656K, reserved 1138688K
  class space    used 12771K, committed 13056K, reserved 1048576K
}
Event: 10.884 GC heap after
{Heap after GC invocations=34 (full 0):
 garbage-first heap   total 233472K, used 90018K [0x0000000080000000, 0x0000000100000000)
  region size 1024K, 10 young (10240K), 10 survivors (10240K)
 Metaspace       used 94017K, committed 94656K, reserved 1138688K
  class space    used 12771K, committed 13056K, reserved 1048576K
}
Event: 10.892 GC heap before
{Heap before GC invocations=34 (full 0):
 garbage-first heap   total 233472K, used 91042K [0x0000000080000000, 0x0000000100000000)
  region size 1024K, 11 young (11264K), 10 survivors (10240K)
 Metaspace       used 94042K, committed 94656K, reserved 1138688K
  class space    used 12771K, committed 13056K, reserved 1048576K
}
Event: 10.899 GC heap after
{Heap after GC invocations=35 (full 0):
 garbage-first heap   total 233472K, used 89612K [0x0000000080000000, 0x0000000100000000)
  region size 1024K, 2 young (2048K), 2 survivors (2048K)
 Metaspace       used 94042K, committed 94656K, reserved 1138688K
  class space    used 12771K, committed 13056K, reserved 1048576K
}
Event: 12.044 GC heap before
{Heap before GC invocations=35 (full 0):
 garbage-first heap   total 233472K, used 180748K [0x0000000080000000, 0x0000000100000000)
  region size 1024K, 89 young (91136K), 2 survivors (2048K)
 Metaspace       used 102307K, committed 103040K, reserved 1138688K
  class space    used 13872K, committed 14208K, reserved 1048576K
}
Event: 12.054 GC heap after
{Heap after GC invocations=36 (full 0):
 garbage-first heap   total 233472K, used 105239K [0x0000000080000000, 0x0000000100000000)
  region size 1024K, 12 young (12288K), 12 survivors (12288K)
 Metaspace       used 102307K, committed 103040K, reserved 1138688K
  class space    used 13872K, committed 14208K, reserved 1048576K
}
Event: 12.700 GC heap before
{Heap before GC invocations=36 (full 0):
 garbage-first heap   total 233472K, used 177943K [0x0000000080000000, 0x0000000100000000)
  region size 1024K, 84 young (86016K), 12 survivors (12288K)
 Metaspace       used 105643K, committed 106368K, reserved 1146880K
  class space    used 14332K, committed 14656K, reserved 1048576K
}
Event: 12.710 GC heap after
{Heap after GC invocations=37 (full 0):
 garbage-first heap   total 233472K, used 109344K [0x0000000080000000, 0x0000000100000000)
  region size 1024K, 7 young (7168K), 7 survivors (7168K)
 Metaspace       used 105643K, committed 106368K, reserved 1146880K
  class space    used 14332K, committed 14656K, reserved 1048576K
}
Event: 13.737 GC heap before
{Heap before GC invocations=37 (full 0):
 garbage-first heap   total 233472K, used 182048K [0x0000000080000000, 0x0000000100000000)
  region size 1024K, 79 young (80896K), 7 survivors (7168K)
 Metaspace       used 119425K, committed 120192K, reserved 1155072K
  class space    used 16473K, committed 16832K, reserved 1048576K
}
Event: 13.746 GC heap after
{Heap after GC invocations=38 (full 0):
 garbage-first heap   total 233472K, used 114605K [0x0000000080000000, 0x0000000100000000)
  region size 1024K, 6 young (6144K), 6 survivors (6144K)
 Metaspace       used 119425K, committed 120192K, reserved 1155072K
  class space    used 16473K, committed 16832K, reserved 1048576K
}
Event: 24.173 GC heap before
{Heap before GC invocations=38 (full 0):
 garbage-first heap   total 233472K, used 195501K [0x0000000080000000, 0x0000000100000000)
  region size 1024K, 76 young (77824K), 6 survivors (6144K)
 Metaspace       used 125233K, committed 126016K, reserved 1163264K
  class space    used 17048K, committed 17408K, reserved 1048576K
}
Event: 24.180 GC heap after
{Heap after GC invocations=39 (full 0):
 garbage-first heap   total 233472K, used 119501K [0x0000000080000000, 0x0000000100000000)
  region size 1024K, 6 young (6144K), 6 survivors (6144K)
 Metaspace       used 125233K, committed 126016K, reserved 1163264K
  class space    used 17048K, committed 17408K, reserved 1048576K
}

Dll operation events (2 events):
Event: 0.007 Loaded shared library C:\Program Files\Android\Android Studio\jbr\bin\java.dll
Event: 0.322 Loaded shared library C:\Program Files\Android\Android Studio\jbr\bin\verify.dll

Deoptimization events (20 events):
Event: 141.630 Thread 0x0000023bde229eb0 Uncommon trap: trap_request=0xffffffbe fr.pc=0x0000023bc594b3ec relative=0x000000000000052c
Event: 141.630 Thread 0x0000023bde229eb0 Uncommon trap: reason=profile_predicate action=maybe_recompile pc=0x0000023bc594b3ec method=java.util.stream.ReferencePipeline$7$1.accept(Ljava/lang/Object;)V @ 73 c2
Event: 141.630 Thread 0x0000023bde229eb0 DEOPT PACKING pc=0x0000023bc594b3ec sp=0x00000065e89fb650
Event: 141.630 Thread 0x0000023bde229eb0 DEOPT UNPACKING pc=0x0000023bc4d369a3 sp=0x00000065e89fb5f8 mode 2
Event: 141.635 Thread 0x0000023bde229eb0 Uncommon trap: trap_request=0xffffffbe fr.pc=0x0000023bc594b3ec relative=0x000000000000052c
Event: 141.635 Thread 0x0000023bde229eb0 Uncommon trap: reason=profile_predicate action=maybe_recompile pc=0x0000023bc594b3ec method=java.util.stream.ReferencePipeline$7$1.accept(Ljava/lang/Object;)V @ 73 c2
Event: 141.635 Thread 0x0000023bde229eb0 DEOPT PACKING pc=0x0000023bc594b3ec sp=0x00000065e89fb370
Event: 141.635 Thread 0x0000023bde229eb0 DEOPT UNPACKING pc=0x0000023bc4d369a3 sp=0x00000065e89fb318 mode 2
Event: 141.636 Thread 0x0000023bde229eb0 Uncommon trap: trap_request=0xffffffbe fr.pc=0x0000023bc594b3ec relative=0x000000000000052c
Event: 141.636 Thread 0x0000023bde229eb0 Uncommon trap: reason=profile_predicate action=maybe_recompile pc=0x0000023bc594b3ec method=java.util.stream.ReferencePipeline$7$1.accept(Ljava/lang/Object;)V @ 73 c2
Event: 141.636 Thread 0x0000023bde229eb0 DEOPT PACKING pc=0x0000023bc594b3ec sp=0x00000065e89fb0b0
Event: 141.636 Thread 0x0000023bde229eb0 DEOPT UNPACKING pc=0x0000023bc4d369a3 sp=0x00000065e89fb058 mode 2
Event: 141.731 Thread 0x0000023bde229eb0 Uncommon trap: trap_request=0xffffffc6 fr.pc=0x0000023bc582a4a8 relative=0x0000000000000848
Event: 141.731 Thread 0x0000023bde229eb0 Uncommon trap: reason=bimorphic_or_optimized_type_check action=maybe_recompile pc=0x0000023bc582a4a8 method=org.gradle.internal.operations.DefaultBuildOperationListenerManager$ProgressShieldingBuildOperationListener.finished(Lorg/gradle/internal/operation
Event: 141.732 Thread 0x0000023bde229eb0 DEOPT PACKING pc=0x0000023bc582a4a8 sp=0x00000065e89fcaa0
Event: 141.732 Thread 0x0000023bde229eb0 DEOPT UNPACKING pc=0x0000023bc4d369a3 sp=0x00000065e89fca68 mode 2
Event: 141.739 Thread 0x0000023bde229eb0 Uncommon trap: trap_request=0xffffffd6 fr.pc=0x0000023bc593f644 relative=0x0000000000000384
Event: 141.739 Thread 0x0000023bde229eb0 Uncommon trap: reason=array_check action=maybe_recompile pc=0x0000023bc593f644 method=java.util.AbstractCollection.toArray([Ljava/lang/Object;)[Ljava/lang/Object; @ 116 c2
Event: 141.739 Thread 0x0000023bde229eb0 DEOPT PACKING pc=0x0000023bc593f644 sp=0x00000065e89fb4b0
Event: 141.739 Thread 0x0000023bde229eb0 DEOPT UNPACKING pc=0x0000023bc4d369a3 sp=0x00000065e89fb450 mode 2

Classes unloaded (0 events):
No events

Classes redefined (0 events):
No events

Internal exceptions (20 events):
Event: 14.128 Thread 0x0000023bde2cd3f0 Exception <a 'sun/nio/fs/WindowsException'{0x000000008d500f28}> (0x000000008d500f28) 
thrown [s\src\hotspot\share\prims\jni.cpp, line 517]
Event: 21.464 Thread 0x0000023bd7098170 Implicit null exception at 0x0000023bc52bc6f2 to 0x0000023bc52bcd0c
Event: 21.465 Thread 0x0000023bd7098170 Implicit null exception at 0x0000023bc56a2472 to 0x0000023bc56a2ba4
Event: 24.088 Thread 0x0000023bd7c806c0 Exception <a 'sun/nio/fs/WindowsException'{0x000000008a57a180}> (0x000000008a57a180) 
thrown [s\src\hotspot\share\prims\jni.cpp, line 517]
Event: 24.149 Thread 0x0000023bd7c806c0 Exception <a 'java/lang/NoClassDefFoundError'{0x000000008a0271b0}: org/jetbrains/kotlin/gradle/plugin/KotlinBasePluginWrapper> (0x000000008a0271b0) 
thrown [s\src\hotspot\share\oops\constantPool.cpp, line 835]
Event: 24.191 Thread 0x0000023bd7c806c0 Exception <a 'sun/nio/fs/WindowsException'{0x000000008e225080}> (0x000000008e225080) 
thrown [s\src\hotspot\share\prims\jni.cpp, line 517]
Event: 24.245 Thread 0x0000023bd7c806c0 Exception <a 'sun/nio/fs/WindowsException'{0x000000008e2ba920}> (0x000000008e2ba920) 
thrown [s\src\hotspot\share\prims\jni.cpp, line 517]
Event: 24.245 Thread 0x0000023bd7c806c0 Exception <a 'sun/nio/fs/WindowsException'{0x000000008e2bbc08}> (0x000000008e2bbc08) 
thrown [s\src\hotspot\share\prims\jni.cpp, line 517]
Event: 24.245 Thread 0x0000023bd7c806c0 Exception <a 'sun/nio/fs/WindowsException'{0x000000008e2bcf40}> (0x000000008e2bcf40) 
thrown [s\src\hotspot\share\prims\jni.cpp, line 517]
Event: 24.245 Thread 0x0000023bd7c806c0 Exception <a 'sun/nio/fs/WindowsException'{0x000000008e2be278}> (0x000000008e2be278) 
thrown [s\src\hotspot\share\prims\jni.cpp, line 517]
Event: 24.295 Thread 0x0000023bd7c806c0 Exception <a 'sun/nio/fs/WindowsException'{0x000000008de099c8}> (0x000000008de099c8) 
thrown [s\src\hotspot\share\prims\jni.cpp, line 517]
Event: 24.311 Thread 0x0000023bd6869590 Exception <a 'sun/nio/fs/WindowsException'{0x000000008dd4ad50}> (0x000000008dd4ad50) 
thrown [s\src\hotspot\share\prims\jni.cpp, line 517]
Event: 24.482 Thread 0x0000023be2296b60 Exception <a 'sun/nio/fs/WindowsException'{0x000000008ccd15f0}> (0x000000008ccd15f0) 
thrown [s\src\hotspot\share\prims\jni.cpp, line 517]
Event: 24.490 Thread 0x0000023be2296b60 Exception <a 'sun/nio/fs/WindowsException'{0x000000008cba8428}> (0x000000008cba8428) 
thrown [s\src\hotspot\share\prims\jni.cpp, line 517]
Event: 24.524 Thread 0x0000023be2296b60 Exception <a 'sun/nio/fs/WindowsException'{0x000000008c6e6ae8}> (0x000000008c6e6ae8) 
thrown [s\src\hotspot\share\prims\jni.cpp, line 517]
Event: 24.533 Thread 0x0000023be2296b60 Exception <a 'sun/nio/fs/WindowsException'{0x000000008c5b6b58}> (0x000000008c5b6b58) 
thrown [s\src\hotspot\share\prims\jni.cpp, line 517]
Event: 24.573 Thread 0x0000023bd7c806c0 Exception <a 'sun/nio/fs/WindowsException'{0x000000008de5c3b0}> (0x000000008de5c3b0) 
thrown [s\src\hotspot\share\prims\jni.cpp, line 517]
Event: 24.573 Thread 0x0000023bd7c806c0 Exception <a 'sun/nio/fs/WindowsException'{0x000000008de5c770}> (0x000000008de5c770) 
thrown [s\src\hotspot\share\prims\jni.cpp, line 517]
Event: 24.573 Thread 0x0000023bd7c806c0 Exception <a 'sun/nio/fs/WindowsException'{0x000000008de5e5f8}> (0x000000008de5e5f8) 
thrown [s\src\hotspot\share\prims\jni.cpp, line 517]
Event: 24.578 Thread 0x0000023bde2cd8c0 Exception <a 'sun/nio/fs/WindowsException'{0x000000008c4e7ba0}> (0x000000008c4e7ba0) 
thrown [s\src\hotspot\share\prims\jni.cpp, line 517]

VM Operations (20 events):
Event: 31.688 Executing VM operation: Cleanup
Event: 31.688 Executing VM operation: Cleanup done
Event: 35.712 Executing VM operation: Cleanup
Event: 35.712 Executing VM operation: Cleanup done
Event: 41.777 Executing VM operation: Cleanup
Event: 41.777 Executing VM operation: Cleanup done
Event: 43.797 Executing VM operation: Cleanup
Event: 43.797 Executing VM operation: Cleanup done
Event: 53.886 Executing VM operation: Cleanup
Event: 53.886 Executing VM operation: Cleanup done
Event: 66.013 Executing VM operation: Cleanup
Event: 66.013 Executing VM operation: Cleanup done
Event: 69.048 Executing VM operation: Cleanup
Event: 69.048 Executing VM operation: Cleanup done
Event: 76.102 Executing VM operation: Cleanup
Event: 76.102 Executing VM operation: Cleanup done
Event: 82.139 Executing VM operation: Cleanup
Event: 82.139 Executing VM operation: Cleanup done
Event: 141.658 Executing VM operation: Cleanup
Event: 141.660 Executing VM operation: Cleanup done

Events (20 events):
Event: 24.622 Thread 0x0000023bde2ccf20 Thread exited: 0x0000023bde2ccf20
Event: 24.626 Thread 0x0000023bdb0530c0 Thread exited: 0x0000023bdb0530c0
Event: 24.627 Thread 0x0000023bdd72a300 Thread exited: 0x0000023bdd72a300
Event: 74.036 Thread 0x0000023bdb052720 Thread exited: 0x0000023bdb052720
Event: 74.080 Thread 0x0000023bdb449630 Thread exited: 0x0000023bdb449630
Event: 84.574 Thread 0x0000023be2296b60 Thread exited: 0x0000023be2296b60
Event: 84.636 Thread 0x0000023bd73448e0 Thread exited: 0x0000023bd73448e0
Event: 84.638 Thread 0x0000023bd7c806c0 Thread exited: 0x0000023bd7c806c0
Event: 134.052 Thread 0x0000023bdd728fc0 Thread exited: 0x0000023bdd728fc0
Event: 141.270 Thread 0x0000023bda84b900 Thread added: 0x0000023bda84b900
Event: 141.278 Thread 0x0000023be2298370 Thread added: 0x0000023be2298370
Event: 141.318 Thread 0x0000023be2296b60 Thread added: 0x0000023be2296b60
Event: 141.367 Thread 0x0000023bde229eb0 Thread added: 0x0000023bde229eb0
Event: 141.405 Thread 0x0000023bdb395a20 Thread added: 0x0000023bdb395a20
Event: 141.423 Thread 0x0000023bdb39ba60 Thread added: 0x0000023bdb39ba60
Event: 141.426 Thread 0x0000023bdb39abf0 Thread added: 0x0000023bdb39abf0
Event: 141.768 Thread 0x0000023bdb3980a0 Thread added: 0x0000023bdb3980a0
Event: 141.813 Thread 0x0000023bd6088880 Thread added: 0x0000023bd6088880
Event: 141.833 Thread 0x0000023bd6087a10 Thread added: 0x0000023bd6087a10
Event: 141.854 Thread 0x0000023bd6087070 Thread added: 0x0000023bd6087070


Dynamic libraries:
0x00007ff6ce040000 - 0x00007ff6ce04a000 	C:\Program Files\Android\Android Studio\jbr\bin\java.exe
0x00007ff8f1120000 - 0x00007ff8f1329000 	C:\WINDOWS\SYSTEM32\ntdll.dll
0x00007ff8f00a0000 - 0x00007ff8f015d000 	C:\WINDOWS\System32\KERNEL32.DLL
0x00007ff8eebe0000 - 0x00007ff8eef64000 	C:\WINDOWS\System32\KERNELBASE.dll
0x00007ff8ee7c0000 - 0x00007ff8ee8d1000 	C:\WINDOWS\System32\ucrtbase.dll
0x00007ff8e84f0000 - 0x00007ff8e8507000 	C:\Program Files\Android\Android Studio\jbr\bin\jli.dll
0x00007ff8e9320000 - 0x00007ff8e933b000 	C:\Program Files\Android\Android Studio\jbr\bin\VCRUNTIME140.dll
0x00007ff8f0ec0000 - 0x00007ff8f106d000 	C:\WINDOWS\System32\USER32.dll
0x00007ff8eebb0000 - 0x00007ff8eebd6000 	C:\WINDOWS\System32\win32u.dll
0x00007ff8caff0000 - 0x00007ff8cb295000 	C:\WINDOWS\WinSxS\amd64_microsoft.windows.common-controls_6595b64144ccf1df_6.0.22000.120_none_9d947278b86cc467\COMCTL32.dll
0x00007ff8efc60000 - 0x00007ff8efc8a000 	C:\WINDOWS\System32\GDI32.dll
0x00007ff8efd20000 - 0x00007ff8efdc3000 	C:\WINDOWS\System32\msvcrt.dll
0x00007ff8ee8e0000 - 0x00007ff8ee9fe000 	C:\WINDOWS\System32\gdi32full.dll
0x00007ff8ee720000 - 0x00007ff8ee7bd000 	C:\WINDOWS\System32\msvcp_win.dll
0x00007ff8f09f0000 - 0x00007ff8f0a21000 	C:\WINDOWS\System32\IMM32.DLL
0x00007ff8e8530000 - 0x00007ff8e853c000 	C:\Program Files\Android\Android Studio\jbr\bin\vcruntime140_1.dll
0x00007ff8becd0000 - 0x00007ff8bed5d000 	C:\Program Files\Android\Android Studio\jbr\bin\msvcp140.dll
0x00007ff8a4e40000 - 0x00007ff8a5aae000 	C:\Program Files\Android\Android Studio\jbr\bin\server\jvm.dll
0x00007ff8efba0000 - 0x00007ff8efc4e000 	C:\WINDOWS\System32\ADVAPI32.dll
0x00007ff8effe0000 - 0x00007ff8f007e000 	C:\WINDOWS\System32\sechost.dll
0x00007ff8f0a30000 - 0x00007ff8f0b51000 	C:\WINDOWS\System32\RPCRT4.dll
0x00007ff8e8b80000 - 0x00007ff8e8bb3000 	C:\WINDOWS\SYSTEM32\WINMM.dll
0x00007ff8e7000000 - 0x00007ff8e700a000 	C:\WINDOWS\SYSTEM32\VERSION.dll
0x00007ff8ea9a0000 - 0x00007ff8ea9a9000 	C:\WINDOWS\SYSTEM32\WSOCK32.dll
0x00007ff8ef060000 - 0x00007ff8ef0cf000 	C:\WINDOWS\System32\WS2_32.dll
0x00007ff8ed710000 - 0x00007ff8ed728000 	C:\WINDOWS\SYSTEM32\kernel.appcore.dll
0x00007ff8ea8e0000 - 0x00007ff8ea8ea000 	C:\Program Files\Android\Android Studio\jbr\bin\jimage.dll
0x00007ff8ebf90000 - 0x00007ff8ec1b1000 	C:\WINDOWS\SYSTEM32\DBGHELP.DLL
0x00007ff8de640000 - 0x00007ff8de671000 	C:\WINDOWS\SYSTEM32\dbgcore.DLL
0x00007ff8eeb30000 - 0x00007ff8eebaf000 	C:\WINDOWS\System32\bcryptPrimitives.dll
0x00007ff8de6b0000 - 0x00007ff8de6d5000 	C:\Program Files\Android\Android Studio\jbr\bin\java.dll
0x00007ff8e94c0000 - 0x00007ff8e94d8000 	C:\Program Files\Android\Android Studio\jbr\bin\zip.dll
0x00007ff8ef350000 - 0x00007ff8efb15000 	C:\WINDOWS\System32\SHELL32.dll
0x00007ff8ec690000 - 0x00007ff8ecef2000 	C:\WINDOWS\SYSTEM32\windows.storage.dll
0x00007ff8f01f0000 - 0x00007ff8f0566000 	C:\WINDOWS\System32\combase.dll
0x00007ff8ec520000 - 0x00007ff8ec687000 	C:\WINDOWS\SYSTEM32\wintypes.dll
0x00007ff8eef70000 - 0x00007ff8ef05a000 	C:\WINDOWS\System32\SHCORE.dll
0x00007ff8ef0d0000 - 0x00007ff8ef12d000 	C:\WINDOWS\System32\shlwapi.dll
0x00007ff8ee4e0000 - 0x00007ff8ee505000 	C:\WINDOWS\SYSTEM32\profapi.dll
0x00007ff8e8bd0000 - 0x00007ff8e8be9000 	C:\Program Files\Android\Android Studio\jbr\bin\net.dll
0x00007ff8e9590000 - 0x00007ff8e96a4000 	C:\WINDOWS\SYSTEM32\WINHTTP.dll
0x00007ff8edbc0000 - 0x00007ff8edc27000 	C:\WINDOWS\system32\mswsock.dll
0x00007ff8e8ac0000 - 0x00007ff8e8ad6000 	C:\Program Files\Android\Android Studio\jbr\bin\nio.dll
0x00007ff8ea730000 - 0x00007ff8ea740000 	C:\Program Files\Android\Android Studio\jbr\bin\verify.dll
0x00007ff8de720000 - 0x00007ff8de747000 	C:\Users\PC\.gradle\native\68d5fa5c4cc2d200863cafc0d521ce42e7d3e7ee720ec0a83991735586a16f82\windows-amd64\native-platform.dll
0x00007ff8ab010000 - 0x00007ff8ab154000 	C:\Users\PC\.gradle\native\e376f236ea51e6404a007f0833ffe2c6e607c4080706a723a18a27aeea778392\windows-amd64\native-platform-file-events.dll
0x00007ff8e8ca0000 - 0x00007ff8e8ca9000 	C:\Program Files\Android\Android Studio\jbr\bin\management.dll
0x00007ff8e84a0000 - 0x00007ff8e84ab000 	C:\Program Files\Android\Android Studio\jbr\bin\management_ext.dll
0x00007ff8efc50000 - 0x00007ff8efc58000 	C:\WINDOWS\System32\PSAPI.DLL
0x00007ff8ede10000 - 0x00007ff8ede28000 	C:\WINDOWS\SYSTEM32\CRYPTSP.dll
0x00007ff8ed670000 - 0x00007ff8ed6a5000 	C:\WINDOWS\system32\rsaenh.dll
0x00007ff8edcb0000 - 0x00007ff8edcdc000 	C:\WINDOWS\SYSTEM32\USERENV.dll
0x00007ff8edf80000 - 0x00007ff8edfa7000 	C:\WINDOWS\SYSTEM32\bcrypt.dll
0x00007ff8ede00000 - 0x00007ff8ede0c000 	C:\WINDOWS\SYSTEM32\CRYPTBASE.dll
0x00007ff8ed1b0000 - 0x00007ff8ed1dd000 	C:\WINDOWS\SYSTEM32\IPHLPAPI.DLL
0x00007ff8efe30000 - 0x00007ff8efe39000 	C:\WINDOWS\System32\NSI.dll
0x00007ff8e8b60000 - 0x00007ff8e8b79000 	C:\WINDOWS\SYSTEM32\dhcpcsvc6.DLL
0x00007ff8e8ee0000 - 0x00007ff8e8efe000 	C:\WINDOWS\SYSTEM32\dhcpcsvc.DLL
0x00007ff8ed1e0000 - 0x00007ff8ed2c7000 	C:\WINDOWS\SYSTEM32\DNSAPI.dll
0x00007ff8e3e40000 - 0x00007ff8e3e48000 	C:\WINDOWS\system32\wshunix.dll

dbghelp: loaded successfully - version: 4.0.5 - missing functions: none
symbol engine: initialized successfully - sym options: 0x614 - pdb path: .;C:\Program Files\Android\Android Studio\jbr\bin;C:\WINDOWS\SYSTEM32;C:\WINDOWS\WinSxS\amd64_microsoft.windows.common-controls_6595b64144ccf1df_6.0.22000.120_none_9d947278b86cc467;C:\Program Files\Android\Android Studio\jbr\bin\server;C:\Users\PC\.gradle\native\68d5fa5c4cc2d200863cafc0d521ce42e7d3e7ee720ec0a83991735586a16f82\windows-amd64;C:\Users\PC\.gradle\native\e376f236ea51e6404a007f0833ffe2c6e607c4080706a723a18a27aeea778392\windows-amd64

VM Arguments:
jvm_args: --add-opens=java.base/java.util=ALL-UNNAMED --add-opens=java.base/java.lang=ALL-UNNAMED --add-opens=java.base/java.lang.invoke=ALL-UNNAMED --add-opens=java.prefs/java.util.prefs=ALL-UNNAMED --add-opens=java.base/java.nio.charset=ALL-UNNAMED --add-opens=java.base/java.net=ALL-UNNAMED --add-opens=java.base/java.util.concurrent.atomic=ALL-UNNAMED -Xmx2048m -Dfile.encoding=UTF-8 -Duser.country=US -Duser.language=en -Duser.variant 
java_command: org.gradle.launcher.daemon.bootstrap.GradleDaemon 8.0
java_class_path (initial): C:\Users\PC\.gradle\wrapper\dists\gradle-8.0-bin\ca5e32bp14vu59qr306oxotwh\gradle-8.0\lib\gradle-launcher-8.0.jar
Launcher Type: SUN_STANDARD

[Global flags]
     intx CICompilerCount                          = 4                                         {product} {ergonomic}
     uint ConcGCThreads                            = 3                                         {product} {ergonomic}
     uint G1ConcRefinementThreads                  = 10                                        {product} {ergonomic}
   size_t G1HeapRegionSize                         = 1048576                                   {product} {ergonomic}
    uintx GCDrainStackTargetSize                   = 64                                        {product} {ergonomic}
   size_t InitialHeapSize                          = 132120576                                 {product} {ergonomic}
   size_t MarkStackSize                            = 4194304                                   {product} {ergonomic}
   size_t MaxHeapSize                              = 2147483648                                {product} {command line}
   size_t MaxNewSize                               = 1287651328                                {product} {ergonomic}
   size_t MinHeapDeltaBytes                        = 1048576                                   {product} {ergonomic}
   size_t MinHeapSize                              = 8388608                                   {product} {ergonomic}
    uintx NonNMethodCodeHeapSize                   = 5839372                                {pd product} {ergonomic}
    uintx NonProfiledCodeHeapSize                  = 122909434                              {pd product} {ergonomic}
    uintx ProfiledCodeHeapSize                     = 122909434                              {pd product} {ergonomic}
    uintx ReservedCodeCacheSize                    = 251658240                              {pd product} {ergonomic}
     bool SegmentedCodeCache                       = true                                      {product} {ergonomic}
   size_t SoftMaxHeapSize                          = 2147483648                             {manageable} {ergonomic}
     bool UseCompressedClassPointers               = true                           {product lp64_product} {ergonomic}
     bool UseCompressedOops                        = true                           {product lp64_product} {ergonomic}
     bool UseG1GC                                  = true                                      {product} {ergonomic}
     bool UseLargePagesIndividualAllocation        = false                                  {pd product} {ergonomic}

Logging:
Log output configuration:
 #0: stdout all=warning uptime,level,tags
 #1: stderr all=off uptime,level,tags

Environment Variables:
PATH=C:\Program Files\Common Files\Oracle\Java\javapath;C:\Windows\system32;C:\Windows;C:\Windows\System32\Wbem;C:\Windows\System32\WindowsPowerShell\v1.0\;C:\Windows\System32\OpenSSH\;C:\Program Files (x86)\NVIDIA Corporation\PhysX\Common;C:\WINDOWS\system32;C:\WINDOWS;C:\WINDOWS\System32\Wbem;C:\WINDOWS\System32\WindowsPowerShell\v1.0\;C:\WINDOWS\System32\OpenSSH\;C:\Program Files\Microsoft SQL Server\Client SDK\ODBC\170\Tools\Binn\;C:\Program Files (x86)\Microsoft SQL Server\150\Tools\Binn\;C:\Program Files\Microsoft SQL Server\150\Tools\Binn\;C:\Program Files\Microsoft SQL Server\150\DTS\Binn\;C:\Program Files (x86)\Microsoft SQL Server\150\DTS\Binn\;C:\Program Files\Azure Data Studio\bin;C:\Program Files\Git\cmd;C:\Program Files (x86)\dotnet\;C:\Program Files\nodejs\;C:\Users\PC\AppData\Local\Microsoft\WindowsApps;D:\FPT Polytechnic\Microsoft VS Code\bin;C:\Program Files\Azure Data Studio\bin;C:\Users\PC\Desktop\platform-tools;C:\Users\PC\AppData\Roaming\npm
USERNAME=PC
OS=Windows_NT
PROCESSOR_IDENTIFIER=Intel64 Family 6 Model 158 Stepping 10, GenuineIntel
TMP=C:\Users\PC\AppData\Local\Temp
TEMP=C:\Users\PC\AppData\Local\Temp


JNI global refs:
JNI global refs: 26, weak refs: 4

JNI global refs memory usage: 843, weak refs: 841


---------------  S Y S T E M  ---------------

OS:
 Windows 11 , 64 bit Build 22000 (10.0.22000.2538)
OS uptime: 4 days 17:13 hours

CPU: total 12 (initial active 12) (6 cores per cpu, 2 threads per core) family 6 model 158 stepping 10 microcode 0xde, cx8, cmov, fxsr, ht, mmx, 3dnowpref, sse, sse2, sse3, ssse3, sse4.1, sse4.2, popcnt, lzcnt, tsc, tscinvbit, avx, avx2, aes, erms, clmul, bmi1, bmi2, adx, fma, vzeroupper, clflush, clflushopt

Memory: 4k page, system-wide physical 8009M (158M free)
TotalPageFile size 17225M (AvailPageFile size 1M)
current process WorkingSet (physical memory assigned to process): 134M, peak: 548M
current process commit charge ("private bytes"): 551M, peak: 588M

vm_info: OpenJDK 64-Bit Server VM (17.0.6+0-b2043.56-10027231) for windows-amd64 JRE (17.0.6+0-b2043.56-10027231), built on Apr 28 2023 00:43:19 by "androidbuild" with MS VC++ 16.10 / 16.11 (VS2019)

END.
